Copyright 1986-2018 Xilinx, Inc. All Rights Reserved.
-----------------------------------------------------------------------------------------------------------------------------------------------------------------
| Tool Version : Vivado v.2018.3 (win64) Build 2405991 Thu Dec  6 23:38:27 MST 2018
| Date         : Wed Mar 31 23:16:10 2021
| Host         : LAPTOP-8G8LECAQ running 64-bit major release  (build 9200)
| Command      : report_methodology -file Processor_methodology_drc_routed.rpt -pb Processor_methodology_drc_routed.pb -rpx Processor_methodology_drc_routed.rpx
| Design       : Processor
| Device       : xc7z030fbg676-3
| Speed File   : -3
| Design State : Fully Routed
-----------------------------------------------------------------------------------------------------------------------------------------------------------------

Report Methodology

Table of Contents
-----------------
1. REPORT SUMMARY
2. REPORT DETAILS

1. REPORT SUMMARY
-----------------
            Netlist: netlist
          Floorplan: design_1
      Design limits: <entire design considered>
             Max violations: <unlimited>
             Violations found: 233
+-----------+----------+-------------------------------+------------+
| Rule      | Severity | Description                   | Violations |
+-----------+----------+-------------------------------+------------+
| TIMING-18 | Warning  | Missing input or output delay | 161        |
| TIMING-20 | Warning  | Non-clocked latch             | 72         |
+-----------+----------+-------------------------------+------------+

2. REPORT DETAILS
-----------------
TIMING-18#1 Warning
Missing input or output delay  
An input delay is missing on RESET relative to clock(s) CLK
Related violations: <none>

TIMING-18#2 Warning
Missing input or output delay  
An output delay is missing on ALUResult[0] relative to clock(s) CLK
Related violations: <none>

TIMING-18#3 Warning
Missing input or output delay  
An output delay is missing on ALUResult[10] relative to clock(s) CLK
Related violations: <none>

TIMING-18#4 Warning
Missing input or output delay  
An output delay is missing on ALUResult[11] relative to clock(s) CLK
Related violations: <none>

TIMING-18#5 Warning
Missing input or output delay  
An output delay is missing on ALUResult[12] relative to clock(s) CLK
Related violations: <none>

TIMING-18#6 Warning
Missing input or output delay  
An output delay is missing on ALUResult[13] relative to clock(s) CLK
Related violations: <none>

TIMING-18#7 Warning
Missing input or output delay  
An output delay is missing on ALUResult[14] relative to clock(s) CLK
Related violations: <none>

TIMING-18#8 Warning
Missing input or output delay  
An output delay is missing on ALUResult[15] relative to clock(s) CLK
Related violations: <none>

TIMING-18#9 Warning
Missing input or output delay  
An output delay is missing on ALUResult[16] relative to clock(s) CLK
Related violations: <none>

TIMING-18#10 Warning
Missing input or output delay  
An output delay is missing on ALUResult[17] relative to clock(s) CLK
Related violations: <none>

TIMING-18#11 Warning
Missing input or output delay  
An output delay is missing on ALUResult[18] relative to clock(s) CLK
Related violations: <none>

TIMING-18#12 Warning
Missing input or output delay  
An output delay is missing on ALUResult[19] relative to clock(s) CLK
Related violations: <none>

TIMING-18#13 Warning
Missing input or output delay  
An output delay is missing on ALUResult[1] relative to clock(s) CLK
Related violations: <none>

TIMING-18#14 Warning
Missing input or output delay  
An output delay is missing on ALUResult[20] relative to clock(s) CLK
Related violations: <none>

TIMING-18#15 Warning
Missing input or output delay  
An output delay is missing on ALUResult[21] relative to clock(s) CLK
Related violations: <none>

TIMING-18#16 Warning
Missing input or output delay  
An output delay is missing on ALUResult[22] relative to clock(s) CLK
Related violations: <none>

TIMING-18#17 Warning
Missing input or output delay  
An output delay is missing on ALUResult[23] relative to clock(s) CLK
Related violations: <none>

TIMING-18#18 Warning
Missing input or output delay  
An output delay is missing on ALUResult[24] relative to clock(s) CLK
Related violations: <none>

TIMING-18#19 Warning
Missing input or output delay  
An output delay is missing on ALUResult[25] relative to clock(s) CLK
Related violations: <none>

TIMING-18#20 Warning
Missing input or output delay  
An output delay is missing on ALUResult[26] relative to clock(s) CLK
Related violations: <none>

TIMING-18#21 Warning
Missing input or output delay  
An output delay is missing on ALUResult[27] relative to clock(s) CLK
Related violations: <none>

TIMING-18#22 Warning
Missing input or output delay  
An output delay is missing on ALUResult[28] relative to clock(s) CLK
Related violations: <none>

TIMING-18#23 Warning
Missing input or output delay  
An output delay is missing on ALUResult[29] relative to clock(s) CLK
Related violations: <none>

TIMING-18#24 Warning
Missing input or output delay  
An output delay is missing on ALUResult[2] relative to clock(s) CLK
Related violations: <none>

TIMING-18#25 Warning
Missing input or output delay  
An output delay is missing on ALUResult[30] relative to clock(s) CLK
Related violations: <none>

TIMING-18#26 Warning
Missing input or output delay  
An output delay is missing on ALUResult[31] relative to clock(s) CLK
Related violations: <none>

TIMING-18#27 Warning
Missing input or output delay  
An output delay is missing on ALUResult[3] relative to clock(s) CLK
Related violations: <none>

TIMING-18#28 Warning
Missing input or output delay  
An output delay is missing on ALUResult[4] relative to clock(s) CLK
Related violations: <none>

TIMING-18#29 Warning
Missing input or output delay  
An output delay is missing on ALUResult[5] relative to clock(s) CLK
Related violations: <none>

TIMING-18#30 Warning
Missing input or output delay  
An output delay is missing on ALUResult[6] relative to clock(s) CLK
Related violations: <none>

TIMING-18#31 Warning
Missing input or output delay  
An output delay is missing on ALUResult[7] relative to clock(s) CLK
Related violations: <none>

TIMING-18#32 Warning
Missing input or output delay  
An output delay is missing on ALUResult[8] relative to clock(s) CLK
Related violations: <none>

TIMING-18#33 Warning
Missing input or output delay  
An output delay is missing on ALUResult[9] relative to clock(s) CLK
Related violations: <none>

TIMING-18#34 Warning
Missing input or output delay  
An output delay is missing on PC[0] relative to clock(s) CLK
Related violations: <none>

TIMING-18#35 Warning
Missing input or output delay  
An output delay is missing on PC[10] relative to clock(s) CLK
Related violations: <none>

TIMING-18#36 Warning
Missing input or output delay  
An output delay is missing on PC[11] relative to clock(s) CLK
Related violations: <none>

TIMING-18#37 Warning
Missing input or output delay  
An output delay is missing on PC[12] relative to clock(s) CLK
Related violations: <none>

TIMING-18#38 Warning
Missing input or output delay  
An output delay is missing on PC[13] relative to clock(s) CLK
Related violations: <none>

TIMING-18#39 Warning
Missing input or output delay  
An output delay is missing on PC[14] relative to clock(s) CLK
Related violations: <none>

TIMING-18#40 Warning
Missing input or output delay  
An output delay is missing on PC[15] relative to clock(s) CLK
Related violations: <none>

TIMING-18#41 Warning
Missing input or output delay  
An output delay is missing on PC[16] relative to clock(s) CLK
Related violations: <none>

TIMING-18#42 Warning
Missing input or output delay  
An output delay is missing on PC[17] relative to clock(s) CLK
Related violations: <none>

TIMING-18#43 Warning
Missing input or output delay  
An output delay is missing on PC[18] relative to clock(s) CLK
Related violations: <none>

TIMING-18#44 Warning
Missing input or output delay  
An output delay is missing on PC[19] relative to clock(s) CLK
Related violations: <none>

TIMING-18#45 Warning
Missing input or output delay  
An output delay is missing on PC[1] relative to clock(s) CLK
Related violations: <none>

TIMING-18#46 Warning
Missing input or output delay  
An output delay is missing on PC[20] relative to clock(s) CLK
Related violations: <none>

TIMING-18#47 Warning
Missing input or output delay  
An output delay is missing on PC[21] relative to clock(s) CLK
Related violations: <none>

TIMING-18#48 Warning
Missing input or output delay  
An output delay is missing on PC[22] relative to clock(s) CLK
Related violations: <none>

TIMING-18#49 Warning
Missing input or output delay  
An output delay is missing on PC[23] relative to clock(s) CLK
Related violations: <none>

TIMING-18#50 Warning
Missing input or output delay  
An output delay is missing on PC[24] relative to clock(s) CLK
Related violations: <none>

TIMING-18#51 Warning
Missing input or output delay  
An output delay is missing on PC[25] relative to clock(s) CLK
Related violations: <none>

TIMING-18#52 Warning
Missing input or output delay  
An output delay is missing on PC[26] relative to clock(s) CLK
Related violations: <none>

TIMING-18#53 Warning
Missing input or output delay  
An output delay is missing on PC[27] relative to clock(s) CLK
Related violations: <none>

TIMING-18#54 Warning
Missing input or output delay  
An output delay is missing on PC[28] relative to clock(s) CLK
Related violations: <none>

TIMING-18#55 Warning
Missing input or output delay  
An output delay is missing on PC[29] relative to clock(s) CLK
Related violations: <none>

TIMING-18#56 Warning
Missing input or output delay  
An output delay is missing on PC[2] relative to clock(s) CLK
Related violations: <none>

TIMING-18#57 Warning
Missing input or output delay  
An output delay is missing on PC[30] relative to clock(s) CLK
Related violations: <none>

TIMING-18#58 Warning
Missing input or output delay  
An output delay is missing on PC[31] relative to clock(s) CLK
Related violations: <none>

TIMING-18#59 Warning
Missing input or output delay  
An output delay is missing on PC[3] relative to clock(s) CLK
Related violations: <none>

TIMING-18#60 Warning
Missing input or output delay  
An output delay is missing on PC[4] relative to clock(s) CLK
Related violations: <none>

TIMING-18#61 Warning
Missing input or output delay  
An output delay is missing on PC[5] relative to clock(s) CLK
Related violations: <none>

TIMING-18#62 Warning
Missing input or output delay  
An output delay is missing on PC[6] relative to clock(s) CLK
Related violations: <none>

TIMING-18#63 Warning
Missing input or output delay  
An output delay is missing on PC[7] relative to clock(s) CLK
Related violations: <none>

TIMING-18#64 Warning
Missing input or output delay  
An output delay is missing on PC[8] relative to clock(s) CLK
Related violations: <none>

TIMING-18#65 Warning
Missing input or output delay  
An output delay is missing on PC[9] relative to clock(s) CLK
Related violations: <none>

TIMING-18#66 Warning
Missing input or output delay  
An output delay is missing on Result[0] relative to clock(s) CLK
Related violations: <none>

TIMING-18#67 Warning
Missing input or output delay  
An output delay is missing on Result[10] relative to clock(s) CLK
Related violations: <none>

TIMING-18#68 Warning
Missing input or output delay  
An output delay is missing on Result[11] relative to clock(s) CLK
Related violations: <none>

TIMING-18#69 Warning
Missing input or output delay  
An output delay is missing on Result[12] relative to clock(s) CLK
Related violations: <none>

TIMING-18#70 Warning
Missing input or output delay  
An output delay is missing on Result[13] relative to clock(s) CLK
Related violations: <none>

TIMING-18#71 Warning
Missing input or output delay  
An output delay is missing on Result[14] relative to clock(s) CLK
Related violations: <none>

TIMING-18#72 Warning
Missing input or output delay  
An output delay is missing on Result[15] relative to clock(s) CLK
Related violations: <none>

TIMING-18#73 Warning
Missing input or output delay  
An output delay is missing on Result[16] relative to clock(s) CLK
Related violations: <none>

TIMING-18#74 Warning
Missing input or output delay  
An output delay is missing on Result[17] relative to clock(s) CLK
Related violations: <none>

TIMING-18#75 Warning
Missing input or output delay  
An output delay is missing on Result[18] relative to clock(s) CLK
Related violations: <none>

TIMING-18#76 Warning
Missing input or output delay  
An output delay is missing on Result[19] relative to clock(s) CLK
Related violations: <none>

TIMING-18#77 Warning
Missing input or output delay  
An output delay is missing on Result[1] relative to clock(s) CLK
Related violations: <none>

TIMING-18#78 Warning
Missing input or output delay  
An output delay is missing on Result[20] relative to clock(s) CLK
Related violations: <none>

TIMING-18#79 Warning
Missing input or output delay  
An output delay is missing on Result[21] relative to clock(s) CLK
Related violations: <none>

TIMING-18#80 Warning
Missing input or output delay  
An output delay is missing on Result[22] relative to clock(s) CLK
Related violations: <none>

TIMING-18#81 Warning
Missing input or output delay  
An output delay is missing on Result[23] relative to clock(s) CLK
Related violations: <none>

TIMING-18#82 Warning
Missing input or output delay  
An output delay is missing on Result[24] relative to clock(s) CLK
Related violations: <none>

TIMING-18#83 Warning
Missing input or output delay  
An output delay is missing on Result[25] relative to clock(s) CLK
Related violations: <none>

TIMING-18#84 Warning
Missing input or output delay  
An output delay is missing on Result[26] relative to clock(s) CLK
Related violations: <none>

TIMING-18#85 Warning
Missing input or output delay  
An output delay is missing on Result[27] relative to clock(s) CLK
Related violations: <none>

TIMING-18#86 Warning
Missing input or output delay  
An output delay is missing on Result[28] relative to clock(s) CLK
Related violations: <none>

TIMING-18#87 Warning
Missing input or output delay  
An output delay is missing on Result[29] relative to clock(s) CLK
Related violations: <none>

TIMING-18#88 Warning
Missing input or output delay  
An output delay is missing on Result[2] relative to clock(s) CLK
Related violations: <none>

TIMING-18#89 Warning
Missing input or output delay  
An output delay is missing on Result[30] relative to clock(s) CLK
Related violations: <none>

TIMING-18#90 Warning
Missing input or output delay  
An output delay is missing on Result[31] relative to clock(s) CLK
Related violations: <none>

TIMING-18#91 Warning
Missing input or output delay  
An output delay is missing on Result[3] relative to clock(s) CLK
Related violations: <none>

TIMING-18#92 Warning
Missing input or output delay  
An output delay is missing on Result[4] relative to clock(s) CLK
Related violations: <none>

TIMING-18#93 Warning
Missing input or output delay  
An output delay is missing on Result[5] relative to clock(s) CLK
Related violations: <none>

TIMING-18#94 Warning
Missing input or output delay  
An output delay is missing on Result[6] relative to clock(s) CLK
Related violations: <none>

TIMING-18#95 Warning
Missing input or output delay  
An output delay is missing on Result[7] relative to clock(s) CLK
Related violations: <none>

TIMING-18#96 Warning
Missing input or output delay  
An output delay is missing on Result[8] relative to clock(s) CLK
Related violations: <none>

TIMING-18#97 Warning
Missing input or output delay  
An output delay is missing on Result[9] relative to clock(s) CLK
Related violations: <none>

TIMING-18#98 Warning
Missing input or output delay  
An output delay is missing on WriteData[0] relative to clock(s) CLK
Related violations: <none>

TIMING-18#99 Warning
Missing input or output delay  
An output delay is missing on WriteData[10] relative to clock(s) CLK
Related violations: <none>

TIMING-18#100 Warning
Missing input or output delay  
An output delay is missing on WriteData[11] relative to clock(s) CLK
Related violations: <none>

TIMING-18#101 Warning
Missing input or output delay  
An output delay is missing on WriteData[12] relative to clock(s) CLK
Related violations: <none>

TIMING-18#102 Warning
Missing input or output delay  
An output delay is missing on WriteData[13] relative to clock(s) CLK
Related violations: <none>

TIMING-18#103 Warning
Missing input or output delay  
An output delay is missing on WriteData[14] relative to clock(s) CLK
Related violations: <none>

TIMING-18#104 Warning
Missing input or output delay  
An output delay is missing on WriteData[15] relative to clock(s) CLK
Related violations: <none>

TIMING-18#105 Warning
Missing input or output delay  
An output delay is missing on WriteData[16] relative to clock(s) CLK
Related violations: <none>

TIMING-18#106 Warning
Missing input or output delay  
An output delay is missing on WriteData[17] relative to clock(s) CLK
Related violations: <none>

TIMING-18#107 Warning
Missing input or output delay  
An output delay is missing on WriteData[18] relative to clock(s) CLK
Related violations: <none>

TIMING-18#108 Warning
Missing input or output delay  
An output delay is missing on WriteData[19] relative to clock(s) CLK
Related violations: <none>

TIMING-18#109 Warning
Missing input or output delay  
An output delay is missing on WriteData[1] relative to clock(s) CLK
Related violations: <none>

TIMING-18#110 Warning
Missing input or output delay  
An output delay is missing on WriteData[20] relative to clock(s) CLK
Related violations: <none>

TIMING-18#111 Warning
Missing input or output delay  
An output delay is missing on WriteData[21] relative to clock(s) CLK
Related violations: <none>

TIMING-18#112 Warning
Missing input or output delay  
An output delay is missing on WriteData[22] relative to clock(s) CLK
Related violations: <none>

TIMING-18#113 Warning
Missing input or output delay  
An output delay is missing on WriteData[23] relative to clock(s) CLK
Related violations: <none>

TIMING-18#114 Warning
Missing input or output delay  
An output delay is missing on WriteData[24] relative to clock(s) CLK
Related violations: <none>

TIMING-18#115 Warning
Missing input or output delay  
An output delay is missing on WriteData[25] relative to clock(s) CLK
Related violations: <none>

TIMING-18#116 Warning
Missing input or output delay  
An output delay is missing on WriteData[26] relative to clock(s) CLK
Related violations: <none>

TIMING-18#117 Warning
Missing input or output delay  
An output delay is missing on WriteData[27] relative to clock(s) CLK
Related violations: <none>

TIMING-18#118 Warning
Missing input or output delay  
An output delay is missing on WriteData[28] relative to clock(s) CLK
Related violations: <none>

TIMING-18#119 Warning
Missing input or output delay  
An output delay is missing on WriteData[29] relative to clock(s) CLK
Related violations: <none>

TIMING-18#120 Warning
Missing input or output delay  
An output delay is missing on WriteData[2] relative to clock(s) CLK
Related violations: <none>

TIMING-18#121 Warning
Missing input or output delay  
An output delay is missing on WriteData[30] relative to clock(s) CLK
Related violations: <none>

TIMING-18#122 Warning
Missing input or output delay  
An output delay is missing on WriteData[31] relative to clock(s) CLK
Related violations: <none>

TIMING-18#123 Warning
Missing input or output delay  
An output delay is missing on WriteData[3] relative to clock(s) CLK
Related violations: <none>

TIMING-18#124 Warning
Missing input or output delay  
An output delay is missing on WriteData[4] relative to clock(s) CLK
Related violations: <none>

TIMING-18#125 Warning
Missing input or output delay  
An output delay is missing on WriteData[5] relative to clock(s) CLK
Related violations: <none>

TIMING-18#126 Warning
Missing input or output delay  
An output delay is missing on WriteData[6] relative to clock(s) CLK
Related violations: <none>

TIMING-18#127 Warning
Missing input or output delay  
An output delay is missing on WriteData[7] relative to clock(s) CLK
Related violations: <none>

TIMING-18#128 Warning
Missing input or output delay  
An output delay is missing on WriteData[8] relative to clock(s) CLK
Related violations: <none>

TIMING-18#129 Warning
Missing input or output delay  
An output delay is missing on WriteData[9] relative to clock(s) CLK
Related violations: <none>

TIMING-18#130 Warning
Missing input or output delay  
An output delay is missing on instr[0] relative to clock(s) CLK
Related violations: <none>

TIMING-18#131 Warning
Missing input or output delay  
An output delay is missing on instr[10] relative to clock(s) CLK
Related violations: <none>

TIMING-18#132 Warning
Missing input or output delay  
An output delay is missing on instr[11] relative to clock(s) CLK
Related violations: <none>

TIMING-18#133 Warning
Missing input or output delay  
An output delay is missing on instr[12] relative to clock(s) CLK
Related violations: <none>

TIMING-18#134 Warning
Missing input or output delay  
An output delay is missing on instr[13] relative to clock(s) CLK
Related violations: <none>

TIMING-18#135 Warning
Missing input or output delay  
An output delay is missing on instr[14] relative to clock(s) CLK
Related violations: <none>

TIMING-18#136 Warning
Missing input or output delay  
An output delay is missing on instr[15] relative to clock(s) CLK
Related violations: <none>

TIMING-18#137 Warning
Missing input or output delay  
An output delay is missing on instr[16] relative to clock(s) CLK
Related violations: <none>

TIMING-18#138 Warning
Missing input or output delay  
An output delay is missing on instr[17] relative to clock(s) CLK
Related violations: <none>

TIMING-18#139 Warning
Missing input or output delay  
An output delay is missing on instr[18] relative to clock(s) CLK
Related violations: <none>

TIMING-18#140 Warning
Missing input or output delay  
An output delay is missing on instr[19] relative to clock(s) CLK
Related violations: <none>

TIMING-18#141 Warning
Missing input or output delay  
An output delay is missing on instr[1] relative to clock(s) CLK
Related violations: <none>

TIMING-18#142 Warning
Missing input or output delay  
An output delay is missing on instr[20] relative to clock(s) CLK
Related violations: <none>

TIMING-18#143 Warning
Missing input or output delay  
An output delay is missing on instr[21] relative to clock(s) CLK
Related violations: <none>

TIMING-18#144 Warning
Missing input or output delay  
An output delay is missing on instr[22] relative to clock(s) CLK
Related violations: <none>

TIMING-18#145 Warning
Missing input or output delay  
An output delay is missing on instr[23] relative to clock(s) CLK
Related violations: <none>

TIMING-18#146 Warning
Missing input or output delay  
An output delay is missing on instr[24] relative to clock(s) CLK
Related violations: <none>

TIMING-18#147 Warning
Missing input or output delay  
An output delay is missing on instr[25] relative to clock(s) CLK
Related violations: <none>

TIMING-18#148 Warning
Missing input or output delay  
An output delay is missing on instr[26] relative to clock(s) CLK
Related violations: <none>

TIMING-18#149 Warning
Missing input or output delay  
An output delay is missing on instr[27] relative to clock(s) CLK
Related violations: <none>

TIMING-18#150 Warning
Missing input or output delay  
An output delay is missing on instr[28] relative to clock(s) CLK
Related violations: <none>

TIMING-18#151 Warning
Missing input or output delay  
An output delay is missing on instr[29] relative to clock(s) CLK
Related violations: <none>

TIMING-18#152 Warning
Missing input or output delay  
An output delay is missing on instr[2] relative to clock(s) CLK
Related violations: <none>

TIMING-18#153 Warning
Missing input or output delay  
An output delay is missing on instr[30] relative to clock(s) CLK
Related violations: <none>

TIMING-18#154 Warning
Missing input or output delay  
An output delay is missing on instr[31] relative to clock(s) CLK
Related violations: <none>

TIMING-18#155 Warning
Missing input or output delay  
An output delay is missing on instr[3] relative to clock(s) CLK
Related violations: <none>

TIMING-18#156 Warning
Missing input or output delay  
An output delay is missing on instr[4] relative to clock(s) CLK
Related violations: <none>

TIMING-18#157 Warning
Missing input or output delay  
An output delay is missing on instr[5] relative to clock(s) CLK
Related violations: <none>

TIMING-18#158 Warning
Missing input or output delay  
An output delay is missing on instr[6] relative to clock(s) CLK
Related violations: <none>

TIMING-18#159 Warning
Missing input or output delay  
An output delay is missing on instr[7] relative to clock(s) CLK
Related violations: <none>

TIMING-18#160 Warning
Missing input or output delay  
An output delay is missing on instr[8] relative to clock(s) CLK
Related violations: <none>

TIMING-18#161 Warning
Missing input or output delay  
An output delay is missing on instr[9] relative to clock(s) CLK
Related violations: <none>

TIMING-20#1 Warning
Non-clocked latch  
The latch Control_Module_inst/FSM_inst/FlagsWrite_reg cannot be properly analyzed as its control pin Control_Module_inst/FSM_inst/FlagsWrite_reg/G is not reached by a timing clock
Related violations: <none>

TIMING-20#2 Warning
Non-clocked latch  
The latch Control_Module_inst/FSM_inst/IRWrite_reg cannot be properly analyzed as its control pin Control_Module_inst/FSM_inst/IRWrite_reg/G is not reached by a timing clock
Related violations: <none>

TIMING-20#3 Warning
Non-clocked latch  
The latch Control_Module_inst/FSM_inst/MAWrite_reg cannot be properly analyzed as its control pin Control_Module_inst/FSM_inst/MAWrite_reg/G is not reached by a timing clock
Related violations: <none>

TIMING-20#4 Warning
Non-clocked latch  
The latch Control_Module_inst/FSM_inst/MemWrite_reg cannot be properly analyzed as its control pin Control_Module_inst/FSM_inst/MemWrite_reg/G is not reached by a timing clock
Related violations: <none>

TIMING-20#5 Warning
Non-clocked latch  
The latch Control_Module_inst/FSM_inst/PCSrc_reg[0] cannot be properly analyzed as its control pin Control_Module_inst/FSM_inst/PCSrc_reg[0]/G is not reached by a timing clock
Related violations: <none>

TIMING-20#6 Warning
Non-clocked latch  
The latch Control_Module_inst/FSM_inst/PCSrc_reg[1] cannot be properly analyzed as its control pin Control_Module_inst/FSM_inst/PCSrc_reg[1]/G is not reached by a timing clock
Related violations: <none>

TIMING-20#7 Warning
Non-clocked latch  
The latch Control_Module_inst/FSM_inst/PCWrite_reg cannot be properly analyzed as its control pin Control_Module_inst/FSM_inst/PCWrite_reg/G is not reached by a timing clock
Related violations: <none>

TIMING-20#8 Warning
Non-clocked latch  
The latch Control_Module_inst/FSM_inst/RegWrite_reg cannot be properly analyzed as its control pin Control_Module_inst/FSM_inst/RegWrite_reg/G is not reached by a timing clock
Related violations: <none>

TIMING-20#9 Warning
Non-clocked latch  
The latch DataPath_module_inst/REG_FILE_inst/RD1_reg[0] cannot be properly analyzed as its control pin DataPath_module_inst/REG_FILE_inst/RD1_reg[0]/G is not reached by a timing clock
Related violations: <none>

TIMING-20#10 Warning
Non-clocked latch  
The latch DataPath_module_inst/REG_FILE_inst/RD1_reg[10] cannot be properly analyzed as its control pin DataPath_module_inst/REG_FILE_inst/RD1_reg[10]/G is not reached by a timing clock
Related violations: <none>

TIMING-20#11 Warning
Non-clocked latch  
The latch DataPath_module_inst/REG_FILE_inst/RD1_reg[11] cannot be properly analyzed as its control pin DataPath_module_inst/REG_FILE_inst/RD1_reg[11]/G is not reached by a timing clock
Related violations: <none>

TIMING-20#12 Warning
Non-clocked latch  
The latch DataPath_module_inst/REG_FILE_inst/RD1_reg[12] cannot be properly analyzed as its control pin DataPath_module_inst/REG_FILE_inst/RD1_reg[12]/G is not reached by a timing clock
Related violations: <none>

TIMING-20#13 Warning
Non-clocked latch  
The latch DataPath_module_inst/REG_FILE_inst/RD1_reg[13] cannot be properly analyzed as its control pin DataPath_module_inst/REG_FILE_inst/RD1_reg[13]/G is not reached by a timing clock
Related violations: <none>

TIMING-20#14 Warning
Non-clocked latch  
The latch DataPath_module_inst/REG_FILE_inst/RD1_reg[14] cannot be properly analyzed as its control pin DataPath_module_inst/REG_FILE_inst/RD1_reg[14]/G is not reached by a timing clock
Related violations: <none>

TIMING-20#15 Warning
Non-clocked latch  
The latch DataPath_module_inst/REG_FILE_inst/RD1_reg[15] cannot be properly analyzed as its control pin DataPath_module_inst/REG_FILE_inst/RD1_reg[15]/G is not reached by a timing clock
Related violations: <none>

TIMING-20#16 Warning
Non-clocked latch  
The latch DataPath_module_inst/REG_FILE_inst/RD1_reg[16] cannot be properly analyzed as its control pin DataPath_module_inst/REG_FILE_inst/RD1_reg[16]/G is not reached by a timing clock
Related violations: <none>

TIMING-20#17 Warning
Non-clocked latch  
The latch DataPath_module_inst/REG_FILE_inst/RD1_reg[17] cannot be properly analyzed as its control pin DataPath_module_inst/REG_FILE_inst/RD1_reg[17]/G is not reached by a timing clock
Related violations: <none>

TIMING-20#18 Warning
Non-clocked latch  
The latch DataPath_module_inst/REG_FILE_inst/RD1_reg[18] cannot be properly analyzed as its control pin DataPath_module_inst/REG_FILE_inst/RD1_reg[18]/G is not reached by a timing clock
Related violations: <none>

TIMING-20#19 Warning
Non-clocked latch  
The latch DataPath_module_inst/REG_FILE_inst/RD1_reg[19] cannot be properly analyzed as its control pin DataPath_module_inst/REG_FILE_inst/RD1_reg[19]/G is not reached by a timing clock
Related violations: <none>

TIMING-20#20 Warning
Non-clocked latch  
The latch DataPath_module_inst/REG_FILE_inst/RD1_reg[1] cannot be properly analyzed as its control pin DataPath_module_inst/REG_FILE_inst/RD1_reg[1]/G is not reached by a timing clock
Related violations: <none>

TIMING-20#21 Warning
Non-clocked latch  
The latch DataPath_module_inst/REG_FILE_inst/RD1_reg[20] cannot be properly analyzed as its control pin DataPath_module_inst/REG_FILE_inst/RD1_reg[20]/G is not reached by a timing clock
Related violations: <none>

TIMING-20#22 Warning
Non-clocked latch  
The latch DataPath_module_inst/REG_FILE_inst/RD1_reg[21] cannot be properly analyzed as its control pin DataPath_module_inst/REG_FILE_inst/RD1_reg[21]/G is not reached by a timing clock
Related violations: <none>

TIMING-20#23 Warning
Non-clocked latch  
The latch DataPath_module_inst/REG_FILE_inst/RD1_reg[22] cannot be properly analyzed as its control pin DataPath_module_inst/REG_FILE_inst/RD1_reg[22]/G is not reached by a timing clock
Related violations: <none>

TIMING-20#24 Warning
Non-clocked latch  
The latch DataPath_module_inst/REG_FILE_inst/RD1_reg[23] cannot be properly analyzed as its control pin DataPath_module_inst/REG_FILE_inst/RD1_reg[23]/G is not reached by a timing clock
Related violations: <none>

TIMING-20#25 Warning
Non-clocked latch  
The latch DataPath_module_inst/REG_FILE_inst/RD1_reg[24] cannot be properly analyzed as its control pin DataPath_module_inst/REG_FILE_inst/RD1_reg[24]/G is not reached by a timing clock
Related violations: <none>

TIMING-20#26 Warning
Non-clocked latch  
The latch DataPath_module_inst/REG_FILE_inst/RD1_reg[25] cannot be properly analyzed as its control pin DataPath_module_inst/REG_FILE_inst/RD1_reg[25]/G is not reached by a timing clock
Related violations: <none>

TIMING-20#27 Warning
Non-clocked latch  
The latch DataPath_module_inst/REG_FILE_inst/RD1_reg[26] cannot be properly analyzed as its control pin DataPath_module_inst/REG_FILE_inst/RD1_reg[26]/G is not reached by a timing clock
Related violations: <none>

TIMING-20#28 Warning
Non-clocked latch  
The latch DataPath_module_inst/REG_FILE_inst/RD1_reg[27] cannot be properly analyzed as its control pin DataPath_module_inst/REG_FILE_inst/RD1_reg[27]/G is not reached by a timing clock
Related violations: <none>

TIMING-20#29 Warning
Non-clocked latch  
The latch DataPath_module_inst/REG_FILE_inst/RD1_reg[28] cannot be properly analyzed as its control pin DataPath_module_inst/REG_FILE_inst/RD1_reg[28]/G is not reached by a timing clock
Related violations: <none>

TIMING-20#30 Warning
Non-clocked latch  
The latch DataPath_module_inst/REG_FILE_inst/RD1_reg[29] cannot be properly analyzed as its control pin DataPath_module_inst/REG_FILE_inst/RD1_reg[29]/G is not reached by a timing clock
Related violations: <none>

TIMING-20#31 Warning
Non-clocked latch  
The latch DataPath_module_inst/REG_FILE_inst/RD1_reg[2] cannot be properly analyzed as its control pin DataPath_module_inst/REG_FILE_inst/RD1_reg[2]/G is not reached by a timing clock
Related violations: <none>

TIMING-20#32 Warning
Non-clocked latch  
The latch DataPath_module_inst/REG_FILE_inst/RD1_reg[30] cannot be properly analyzed as its control pin DataPath_module_inst/REG_FILE_inst/RD1_reg[30]/G is not reached by a timing clock
Related violations: <none>

TIMING-20#33 Warning
Non-clocked latch  
The latch DataPath_module_inst/REG_FILE_inst/RD1_reg[31] cannot be properly analyzed as its control pin DataPath_module_inst/REG_FILE_inst/RD1_reg[31]/G is not reached by a timing clock
Related violations: <none>

TIMING-20#34 Warning
Non-clocked latch  
The latch DataPath_module_inst/REG_FILE_inst/RD1_reg[3] cannot be properly analyzed as its control pin DataPath_module_inst/REG_FILE_inst/RD1_reg[3]/G is not reached by a timing clock
Related violations: <none>

TIMING-20#35 Warning
Non-clocked latch  
The latch DataPath_module_inst/REG_FILE_inst/RD1_reg[4] cannot be properly analyzed as its control pin DataPath_module_inst/REG_FILE_inst/RD1_reg[4]/G is not reached by a timing clock
Related violations: <none>

TIMING-20#36 Warning
Non-clocked latch  
The latch DataPath_module_inst/REG_FILE_inst/RD1_reg[5] cannot be properly analyzed as its control pin DataPath_module_inst/REG_FILE_inst/RD1_reg[5]/G is not reached by a timing clock
Related violations: <none>

TIMING-20#37 Warning
Non-clocked latch  
The latch DataPath_module_inst/REG_FILE_inst/RD1_reg[6] cannot be properly analyzed as its control pin DataPath_module_inst/REG_FILE_inst/RD1_reg[6]/G is not reached by a timing clock
Related violations: <none>

TIMING-20#38 Warning
Non-clocked latch  
The latch DataPath_module_inst/REG_FILE_inst/RD1_reg[7] cannot be properly analyzed as its control pin DataPath_module_inst/REG_FILE_inst/RD1_reg[7]/G is not reached by a timing clock
Related violations: <none>

TIMING-20#39 Warning
Non-clocked latch  
The latch DataPath_module_inst/REG_FILE_inst/RD1_reg[8] cannot be properly analyzed as its control pin DataPath_module_inst/REG_FILE_inst/RD1_reg[8]/G is not reached by a timing clock
Related violations: <none>

TIMING-20#40 Warning
Non-clocked latch  
The latch DataPath_module_inst/REG_FILE_inst/RD1_reg[9] cannot be properly analyzed as its control pin DataPath_module_inst/REG_FILE_inst/RD1_reg[9]/G is not reached by a timing clock
Related violations: <none>

TIMING-20#41 Warning
Non-clocked latch  
The latch DataPath_module_inst/REG_FILE_inst/RD2_reg[0] cannot be properly analyzed as its control pin DataPath_module_inst/REG_FILE_inst/RD2_reg[0]/G is not reached by a timing clock
Related violations: <none>

TIMING-20#42 Warning
Non-clocked latch  
The latch DataPath_module_inst/REG_FILE_inst/RD2_reg[10] cannot be properly analyzed as its control pin DataPath_module_inst/REG_FILE_inst/RD2_reg[10]/G is not reached by a timing clock
Related violations: <none>

TIMING-20#43 Warning
Non-clocked latch  
The latch DataPath_module_inst/REG_FILE_inst/RD2_reg[11] cannot be properly analyzed as its control pin DataPath_module_inst/REG_FILE_inst/RD2_reg[11]/G is not reached by a timing clock
Related violations: <none>

TIMING-20#44 Warning
Non-clocked latch  
The latch DataPath_module_inst/REG_FILE_inst/RD2_reg[12] cannot be properly analyzed as its control pin DataPath_module_inst/REG_FILE_inst/RD2_reg[12]/G is not reached by a timing clock
Related violations: <none>

TIMING-20#45 Warning
Non-clocked latch  
The latch DataPath_module_inst/REG_FILE_inst/RD2_reg[13] cannot be properly analyzed as its control pin DataPath_module_inst/REG_FILE_inst/RD2_reg[13]/G is not reached by a timing clock
Related violations: <none>

TIMING-20#46 Warning
Non-clocked latch  
The latch DataPath_module_inst/REG_FILE_inst/RD2_reg[14] cannot be properly analyzed as its control pin DataPath_module_inst/REG_FILE_inst/RD2_reg[14]/G is not reached by a timing clock
Related violations: <none>

TIMING-20#47 Warning
Non-clocked latch  
The latch DataPath_module_inst/REG_FILE_inst/RD2_reg[15] cannot be properly analyzed as its control pin DataPath_module_inst/REG_FILE_inst/RD2_reg[15]/G is not reached by a timing clock
Related violations: <none>

TIMING-20#48 Warning
Non-clocked latch  
The latch DataPath_module_inst/REG_FILE_inst/RD2_reg[16] cannot be properly analyzed as its control pin DataPath_module_inst/REG_FILE_inst/RD2_reg[16]/G is not reached by a timing clock
Related violations: <none>

TIMING-20#49 Warning
Non-clocked latch  
The latch DataPath_module_inst/REG_FILE_inst/RD2_reg[17] cannot be properly analyzed as its control pin DataPath_module_inst/REG_FILE_inst/RD2_reg[17]/G is not reached by a timing clock
Related violations: <none>

TIMING-20#50 Warning
Non-clocked latch  
The latch DataPath_module_inst/REG_FILE_inst/RD2_reg[18] cannot be properly analyzed as its control pin DataPath_module_inst/REG_FILE_inst/RD2_reg[18]/G is not reached by a timing clock
Related violations: <none>

TIMING-20#51 Warning
Non-clocked latch  
The latch DataPath_module_inst/REG_FILE_inst/RD2_reg[19] cannot be properly analyzed as its control pin DataPath_module_inst/REG_FILE_inst/RD2_reg[19]/G is not reached by a timing clock
Related violations: <none>

TIMING-20#52 Warning
Non-clocked latch  
The latch DataPath_module_inst/REG_FILE_inst/RD2_reg[1] cannot be properly analyzed as its control pin DataPath_module_inst/REG_FILE_inst/RD2_reg[1]/G is not reached by a timing clock
Related violations: <none>

TIMING-20#53 Warning
Non-clocked latch  
The latch DataPath_module_inst/REG_FILE_inst/RD2_reg[20] cannot be properly analyzed as its control pin DataPath_module_inst/REG_FILE_inst/RD2_reg[20]/G is not reached by a timing clock
Related violations: <none>

TIMING-20#54 Warning
Non-clocked latch  
The latch DataPath_module_inst/REG_FILE_inst/RD2_reg[21] cannot be properly analyzed as its control pin DataPath_module_inst/REG_FILE_inst/RD2_reg[21]/G is not reached by a timing clock
Related violations: <none>

TIMING-20#55 Warning
Non-clocked latch  
The latch DataPath_module_inst/REG_FILE_inst/RD2_reg[22] cannot be properly analyzed as its control pin DataPath_module_inst/REG_FILE_inst/RD2_reg[22]/G is not reached by a timing clock
Related violations: <none>

TIMING-20#56 Warning
Non-clocked latch  
The latch DataPath_module_inst/REG_FILE_inst/RD2_reg[23] cannot be properly analyzed as its control pin DataPath_module_inst/REG_FILE_inst/RD2_reg[23]/G is not reached by a timing clock
Related violations: <none>

TIMING-20#57 Warning
Non-clocked latch  
The latch DataPath_module_inst/REG_FILE_inst/RD2_reg[24] cannot be properly analyzed as its control pin DataPath_module_inst/REG_FILE_inst/RD2_reg[24]/G is not reached by a timing clock
Related violations: <none>

TIMING-20#58 Warning
Non-clocked latch  
The latch DataPath_module_inst/REG_FILE_inst/RD2_reg[25] cannot be properly analyzed as its control pin DataPath_module_inst/REG_FILE_inst/RD2_reg[25]/G is not reached by a timing clock
Related violations: <none>

TIMING-20#59 Warning
Non-clocked latch  
The latch DataPath_module_inst/REG_FILE_inst/RD2_reg[26] cannot be properly analyzed as its control pin DataPath_module_inst/REG_FILE_inst/RD2_reg[26]/G is not reached by a timing clock
Related violations: <none>

TIMING-20#60 Warning
Non-clocked latch  
The latch DataPath_module_inst/REG_FILE_inst/RD2_reg[27] cannot be properly analyzed as its control pin DataPath_module_inst/REG_FILE_inst/RD2_reg[27]/G is not reached by a timing clock
Related violations: <none>

TIMING-20#61 Warning
Non-clocked latch  
The latch DataPath_module_inst/REG_FILE_inst/RD2_reg[28] cannot be properly analyzed as its control pin DataPath_module_inst/REG_FILE_inst/RD2_reg[28]/G is not reached by a timing clock
Related violations: <none>

TIMING-20#62 Warning
Non-clocked latch  
The latch DataPath_module_inst/REG_FILE_inst/RD2_reg[29] cannot be properly analyzed as its control pin DataPath_module_inst/REG_FILE_inst/RD2_reg[29]/G is not reached by a timing clock
Related violations: <none>

TIMING-20#63 Warning
Non-clocked latch  
The latch DataPath_module_inst/REG_FILE_inst/RD2_reg[2] cannot be properly analyzed as its control pin DataPath_module_inst/REG_FILE_inst/RD2_reg[2]/G is not reached by a timing clock
Related violations: <none>

TIMING-20#64 Warning
Non-clocked latch  
The latch DataPath_module_inst/REG_FILE_inst/RD2_reg[30] cannot be properly analyzed as its control pin DataPath_module_inst/REG_FILE_inst/RD2_reg[30]/G is not reached by a timing clock
Related violations: <none>

TIMING-20#65 Warning
Non-clocked latch  
The latch DataPath_module_inst/REG_FILE_inst/RD2_reg[31] cannot be properly analyzed as its control pin DataPath_module_inst/REG_FILE_inst/RD2_reg[31]/G is not reached by a timing clock
Related violations: <none>

TIMING-20#66 Warning
Non-clocked latch  
The latch DataPath_module_inst/REG_FILE_inst/RD2_reg[3] cannot be properly analyzed as its control pin DataPath_module_inst/REG_FILE_inst/RD2_reg[3]/G is not reached by a timing clock
Related violations: <none>

TIMING-20#67 Warning
Non-clocked latch  
The latch DataPath_module_inst/REG_FILE_inst/RD2_reg[4] cannot be properly analyzed as its control pin DataPath_module_inst/REG_FILE_inst/RD2_reg[4]/G is not reached by a timing clock
Related violations: <none>

TIMING-20#68 Warning
Non-clocked latch  
The latch DataPath_module_inst/REG_FILE_inst/RD2_reg[5] cannot be properly analyzed as its control pin DataPath_module_inst/REG_FILE_inst/RD2_reg[5]/G is not reached by a timing clock
Related violations: <none>

TIMING-20#69 Warning
Non-clocked latch  
The latch DataPath_module_inst/REG_FILE_inst/RD2_reg[6] cannot be properly analyzed as its control pin DataPath_module_inst/REG_FILE_inst/RD2_reg[6]/G is not reached by a timing clock
Related violations: <none>

TIMING-20#70 Warning
Non-clocked latch  
The latch DataPath_module_inst/REG_FILE_inst/RD2_reg[7] cannot be properly analyzed as its control pin DataPath_module_inst/REG_FILE_inst/RD2_reg[7]/G is not reached by a timing clock
Related violations: <none>

TIMING-20#71 Warning
Non-clocked latch  
The latch DataPath_module_inst/REG_FILE_inst/RD2_reg[8] cannot be properly analyzed as its control pin DataPath_module_inst/REG_FILE_inst/RD2_reg[8]/G is not reached by a timing clock
Related violations: <none>

TIMING-20#72 Warning
Non-clocked latch  
The latch DataPath_module_inst/REG_FILE_inst/RD2_reg[9] cannot be properly analyzed as its control pin DataPath_module_inst/REG_FILE_inst/RD2_reg[9]/G is not reached by a timing clock
Related violations: <none>


