Copyright 1986-2018 Xilinx, Inc. All Rights Reserved.
---------------------------------------------------------------------------------------
| Tool Version : Vivado v.2018.3 (win64) Build 2405991 Thu Dec  6 23:38:27 MST 2018
| Date         : Wed Mar 31 23:16:11 2021
| Host         : LAPTOP-8G8LECAQ running 64-bit major release  (build 9200)
| Command      : report_clock_utilization -file Processor_clock_utilization_routed.rpt
| Design       : Processor
| Device       : 7z030-fbg676
| Speed File   : -3  PRODUCTION 1.11 2014-09-11
---------------------------------------------------------------------------------------

Clock Utilization Report

Table of Contents
-----------------
1. Clock Primitive Utilization
2. Global Clock Resources
3. Global Clock Source Details
4. Clock Regions: Key Resource Utilization
5. Clock Regions : Global Clock Summary
6. Device Cell Placement Summary for Global Clock g0
7. Device Cell Placement Summary for Global Clock g1
8. Device Cell Placement Summary for Global Clock g2
9. Clock Region Cell Placement per Global Clock: Region X1Y1
10. Clock Region Cell Placement per Global Clock: Region X1Y2

1. Clock Primitive Utilization
------------------------------

+----------+------+-----------+-----+--------------+--------+
| Type     | Used | Available | LOC | Clock Region | Pblock |
+----------+------+-----------+-----+--------------+--------+
| BUFGCTRL |    3 |        32 |   0 |            0 |      0 |
| BUFH     |    0 |        96 |   0 |            0 |      0 |
| BUFIO    |    0 |        20 |   0 |            0 |      0 |
| BUFMR    |    0 |        10 |   0 |            0 |      0 |
| BUFR     |    0 |        20 |   0 |            0 |      0 |
| MMCM     |    0 |         5 |   0 |            0 |      0 |
| PLL      |    0 |         5 |   0 |            0 |      0 |
+----------+------+-----------+-----+--------------+--------+


2. Global Clock Resources
-------------------------

+-----------+-----------+-----------------+------------+---------------+--------------+-------------------+-------------+-----------------+--------------+-------+----------------------+---------------+
| Global Id | Source Id | Driver Type/Pin | Constraint | Site          | Clock Region | Load Clock Region | Clock Loads | Non-Clock Loads | Clock Period | Clock | Driver Pin           | Net           |
+-----------+-----------+-----------------+------------+---------------+--------------+-------------------+-------------+-----------------+--------------+-------+----------------------+---------------+
| g0        | src0      | BUFG/O          | None       | BUFGCTRL_X0Y0 | n/a          |                 2 |         826 |               0 |       10.000 | CLK   | CLK_IBUF_BUFG_inst/O | CLK_IBUF_BUFG |
| g1        | src1      | BUFG/O          | None       | BUFGCTRL_X0Y1 | n/a          |                 2 |          32 |               0 |              |       | n_0_139_BUFG_inst/O  | n_0_139_BUFG  |
| g2        | src2      | BUFG/O          | None       | BUFGCTRL_X0Y2 | n/a          |                 2 |          32 |               0 |              |       | n_1_138_BUFG_inst/O  | n_1_138_BUFG  |
+-----------+-----------+-----------------+------------+---------------+--------------+-------------------+-------------+-----------------+--------------+-------+----------------------+---------------+
* Clock Loads column represents the clock pin loads (pin count)
** Non-Clock Loads column represents the non-clock pin loads (pin count)


3. Global Clock Source Details
------------------------------

+-----------+-----------+-----------------+------------+---------------+--------------+-------------+-----------------+---------------------+--------------+----------------------------------------------------------+--------------------------------------------------------+
| Source Id | Global Id | Driver Type/Pin | Constraint | Site          | Clock Region | Clock Loads | Non-Clock Loads | Source Clock Period | Source Clock | Driver Pin                                               | Net                                                    |
+-----------+-----------+-----------------+------------+---------------+--------------+-------------+-----------------+---------------------+--------------+----------------------------------------------------------+--------------------------------------------------------+
| src0      | g0        | IBUF/O          | None       | IOB_X0Y78     | X0Y1         |           1 |               0 |              10.000 | CLK          | CLK_IBUF_inst/O                                          | CLK_IBUF                                               |
| src1      | g1        | LUT3/O          | None       | SLICE_X104Y97 | X1Y1         |           1 |               0 |                     |              | DataPath_module_inst/IR_REG_inst/n_0_139_BUFG_inst_i_1/O | DataPath_module_inst/IR_REG_inst/n_0_139_BUFG_inst_n_1 |
| src2      | g2        | LUT6/O          | None       | SLICE_X58Y94  | X1Y1         |           1 |               0 |                     |              | DataPath_module_inst/IR_REG_inst/n_1_138_BUFG_inst_i_1/O | DataPath_module_inst/IR_REG_inst/n_1_138_BUFG_inst_n_2 |
+-----------+-----------+-----------------+------------+---------------+--------------+-------------+-----------------+---------------------+--------------+----------------------------------------------------------+--------------------------------------------------------+
* Clock Loads column represents the clock pin loads (pin count)
** Non-Clock Loads column represents the non-clock pin loads (pin count)


4. Clock Regions: Key Resource Utilization
------------------------------------------

+-------------------+--------------+--------------+--------------+--------------+--------------+--------------+--------------+--------------+--------------+--------------+--------------+--------------+--------------+--------------+--------------+
|                   | Global Clock |     BUFRs    |    BUFMRs    |    BUFIOs    |     MMCM     |      PLL     |      GT      |      PCI     |    ILOGIC    |    OLOGIC    |      FF      |     LUTM     |    RAMB18    |    RAMB36    |    DSP48E2   |
+-------------------+------+-------+------+-------+------+-------+------+-------+------+-------+------+-------+------+-------+------+-------+------+-------+------+-------+------+-------+------+-------+------+-------+------+-------+------+-------+
| Clock Region Name | Used | Avail | Used | Avail | Used | Avail | Used | Avail | Used | Avail | Used | Avail | Used | Avail | Used | Avail | Used | Avail | Used | Avail | Used | Avail | Used | Avail | Used | Avail | Used | Avail | Used | Avail |
+-------------------+------+-------+------+-------+------+-------+------+-------+------+-------+------+-------+------+-------+------+-------+------+-------+------+-------+------+-------+------+-------+------+-------+------+-------+------+-------+
| X0Y0              |    0 |    12 |    0 |     4 |    0 |     2 |    0 |     4 |    0 |     1 |    0 |     1 |    0 |     0 |    0 |     0 |    0 |    50 |    0 |    50 |    0 |  2900 |    0 |  1200 |    0 |    80 |    0 |    40 |    0 |    80 |
| X1Y0              |    0 |    12 |    0 |     0 |    0 |     0 |    0 |     0 |    0 |     0 |    0 |     0 |    0 |     4 |    0 |     1 |    0 |     0 |    0 |     0 |    0 |  2550 |    0 |   650 |    0 |    50 |    0 |    25 |    0 |    40 |
| X0Y1              |    0 |    12 |    0 |     4 |    0 |     2 |    0 |     4 |    0 |     1 |    0 |     1 |    0 |     0 |    0 |     0 |    0 |    50 |    0 |    50 |    0 |  2900 |    0 |  1200 |    0 |    80 |    0 |    40 |    0 |    80 |
| X1Y1              |    3 |    12 |    0 |     4 |    0 |     2 |    0 |     4 |    0 |     1 |    0 |     1 |    0 |     0 |    0 |     0 |    0 |    50 |    0 |    50 |  387 |  3100 |  124 |   800 |    0 |    80 |    0 |    40 |    0 |    40 |
| X0Y2              |    0 |    12 |    0 |     0 |    0 |     0 |    0 |     0 |    0 |     0 |    0 |     0 |    0 |     0 |    0 |     0 |    0 |     0 |    0 |     0 |    0 |  1600 |    0 |   600 |    0 |    40 |    0 |    20 |    0 |    40 |
| X1Y2              |    3 |    12 |    0 |     4 |    0 |     2 |    0 |     4 |    0 |     1 |    0 |     1 |    0 |     0 |    0 |     0 |    0 |    50 |    0 |    50 |  437 |  2500 |  109 |   800 |    0 |    80 |    0 |    40 |    0 |    40 |
| X0Y3              |    0 |    12 |    0 |     0 |    0 |     0 |    0 |     0 |    0 |     0 |    0 |     0 |    0 |     0 |    0 |     0 |    0 |     0 |    0 |     0 |    0 |  1600 |    0 |   600 |    0 |    40 |    0 |    20 |    0 |    40 |
| X1Y3              |    0 |    12 |    0 |     4 |    0 |     2 |    0 |     4 |    0 |     1 |    0 |     1 |    0 |     0 |    0 |     0 |    0 |    50 |    0 |    50 |    0 |  2500 |    0 |   800 |    0 |    80 |    0 |    40 |    0 |    40 |
+-------------------+------+-------+------+-------+------+-------+------+-------+------+-------+------+-------+------+-------+------+-------+------+-------+------+-------+------+-------+------+-------+------+-------+------+-------+------+-------+
* Global Clock column represents track count; while other columns represents cell counts


5. Clock Regions : Global Clock Summary
---------------------------------------

All Modules
+----+----+----+
|    | X0 | X1 |
+----+----+----+
| Y3 |  0 |  0 |
| Y2 |  0 |  3 |
| Y1 |  0 |  3 |
| Y0 |  0 |  0 |
+----+----+----+


6. Device Cell Placement Summary for Global Clock g0
----------------------------------------------------

+-----------+-----------------+-------------------+-------+-------------+---------------+-------------+----------+----------------+----------+---------------+
| Global Id | Driver Type/Pin | Driver Region (D) | Clock | Period (ns) | Waveform (ns) | Slice Loads | IO Loads | Clocking Loads | GT Loads | Net           |
+-----------+-----------------+-------------------+-------+-------------+---------------+-------------+----------+----------------+----------+---------------+
| g0        | BUFG/O          | n/a               | CLK   |      10.000 | {0.000 5.000} |         825 |        0 |              0 |        0 | CLK_IBUF_BUFG |
+-----------+-----------------+-------------------+-------+-------------+---------------+-------------+----------+----------------+----------+---------------+
* Logic Loads column represents load cell count of all cell types other than IO, GT and clock resources
** IO Loads column represents load cell count of IO types
*** Clocking Loads column represents load cell count that are clock resources (global clock buffer, MMCM, PLL, etc)
**** GT Loads column represents load cell count of GT types


+----+----+------+
|    | X0 | X1   |
+----+----+------+
| Y3 |  0 |    0 |
| Y2 |  0 |  437 |
| Y1 |  0 |  388 |
| Y0 |  0 |    0 |
+----+----+------+


7. Device Cell Placement Summary for Global Clock g1
----------------------------------------------------

+-----------+-----------------+-------------------+-------+-------------+---------------+-------------+----------+----------------+----------+--------------+
| Global Id | Driver Type/Pin | Driver Region (D) | Clock | Period (ns) | Waveform (ns) | Slice Loads | IO Loads | Clocking Loads | GT Loads | Net          |
+-----------+-----------------+-------------------+-------+-------------+---------------+-------------+----------+----------------+----------+--------------+
| g1        | BUFG/O          | n/a               |       |             |               |          32 |        0 |              0 |        0 | n_0_139_BUFG |
+-----------+-----------------+-------------------+-------+-------------+---------------+-------------+----------+----------------+----------+--------------+
* Logic Loads column represents load cell count of all cell types other than IO, GT and clock resources
** IO Loads column represents load cell count of IO types
*** Clocking Loads column represents load cell count that are clock resources (global clock buffer, MMCM, PLL, etc)
**** GT Loads column represents load cell count of GT types


+----+----+-----+
|    | X0 | X1  |
+----+----+-----+
| Y3 |  0 |   0 |
| Y2 |  0 |  17 |
| Y1 |  0 |  15 |
| Y0 |  0 |   0 |
+----+----+-----+


8. Device Cell Placement Summary for Global Clock g2
----------------------------------------------------

+-----------+-----------------+-------------------+-------+-------------+---------------+-------------+----------+----------------+----------+--------------+
| Global Id | Driver Type/Pin | Driver Region (D) | Clock | Period (ns) | Waveform (ns) | Slice Loads | IO Loads | Clocking Loads | GT Loads | Net          |
+-----------+-----------------+-------------------+-------+-------------+---------------+-------------+----------+----------------+----------+--------------+
| g2        | BUFG/O          | n/a               |       |             |               |          32 |        0 |              0 |        0 | n_1_138_BUFG |
+-----------+-----------------+-------------------+-------+-------------+---------------+-------------+----------+----------------+----------+--------------+
* Logic Loads column represents load cell count of all cell types other than IO, GT and clock resources
** IO Loads column represents load cell count of IO types
*** Clocking Loads column represents load cell count that are clock resources (global clock buffer, MMCM, PLL, etc)
**** GT Loads column represents load cell count of GT types


+----+----+-----+
|    | X0 | X1  |
+----+----+-----+
| Y3 |  0 |   0 |
| Y2 |  0 |  22 |
| Y1 |  0 |  10 |
| Y0 |  0 |   0 |
+----+----+-----+


9. Clock Region Cell Placement per Global Clock: Region X1Y1
------------------------------------------------------------

+-----------+-------+-----------------+------------+-------------+-----------------+-----+--------+------+-----+----+------+-----+---------+---------------+
| Global Id | Track | Driver Type/Pin | Constraint | Clock Loads | Non-Clock Loads | FF  | LUTRAM | RAMB | DSP | GT | MMCM | PLL | Hard IP | Net           |
+-----------+-------+-----------------+------------+-------------+-----------------+-----+--------+------+-----+----+------+-----+---------+---------------+
| g0        | n/a   | BUFG/O          | None       |         388 |               0 | 387 |      0 |    0 |   0 |  0 |    0 |   0 |       0 | CLK_IBUF_BUFG |
| g1        | n/a   | BUFG/O          | None       |          15 |               0 |   0 |      0 |    0 |   0 |  0 |    0 |   0 |       0 | n_0_139_BUFG  |
| g2        | n/a   | BUFG/O          | None       |          10 |               0 |   0 |      0 |    0 |   0 |  0 |    0 |   0 |       0 | n_1_138_BUFG  |
+-----------+-------+-----------------+------------+-------------+-----------------+-----+--------+------+-----+----+------+-----+---------+---------------+
* Clock Loads column represents the clock pin loads (pin count)
** Non-Clock Loads column represents the non-clock pin loads (pin count)
*** Columns FF, LUTRAM, RAMB through 'Hard IP' represents load cell counts


10. Clock Region Cell Placement per Global Clock: Region X1Y2
-------------------------------------------------------------

+-----------+-------+-----------------+------------+-------------+-----------------+-----+--------+------+-----+----+------+-----+---------+---------------+
| Global Id | Track | Driver Type/Pin | Constraint | Clock Loads | Non-Clock Loads | FF  | LUTRAM | RAMB | DSP | GT | MMCM | PLL | Hard IP | Net           |
+-----------+-------+-----------------+------------+-------------+-----------------+-----+--------+------+-----+----+------+-----+---------+---------------+
| g0        | n/a   | BUFG/O          | None       |         437 |               0 | 437 |      0 |    0 |   0 |  0 |    0 |   0 |       0 | CLK_IBUF_BUFG |
| g1        | n/a   | BUFG/O          | None       |          17 |               0 |   0 |      0 |    0 |   0 |  0 |    0 |   0 |       0 | n_0_139_BUFG  |
| g2        | n/a   | BUFG/O          | None       |          22 |               0 |   0 |      0 |    0 |   0 |  0 |    0 |   0 |       0 | n_1_138_BUFG  |
+-----------+-------+-----------------+------------+-------------+-----------------+-----+--------+------+-----+----+------+-----+---------+---------------+
* Clock Loads column represents the clock pin loads (pin count)
** Non-Clock Loads column represents the non-clock pin loads (pin count)
*** Columns FF, LUTRAM, RAMB through 'Hard IP' represents load cell counts



# Location of BUFG Primitives 
set_property LOC BUFGCTRL_X0Y2 [get_cells n_1_138_BUFG_inst]
set_property LOC BUFGCTRL_X0Y1 [get_cells n_0_139_BUFG_inst]
set_property LOC BUFGCTRL_X0Y0 [get_cells CLK_IBUF_BUFG_inst]

# Location of IO Primitives which is load of clock spine

# Location of clock ports
set_property LOC IOB_X0Y78 [get_ports CLK]

# Clock net "n_1_138_BUFG" driven by instance "n_1_138_BUFG_inst" located at site "BUFGCTRL_X0Y2"
#startgroup
create_pblock {CLKAG_n_1_138_BUFG}
add_cells_to_pblock [get_pblocks  {CLKAG_n_1_138_BUFG}] [get_cells -filter { PRIMITIVE_GROUP != I/O && IS_PRIMITIVE==1 && PRIMITIVE_LEVEL !=INTERNAL } -of_object [get_pins -filter {DIRECTION==IN} -of_objects [get_nets -hierarchical -filter {PARENT=="n_1_138_BUFG"}]]]
resize_pblock [get_pblocks {CLKAG_n_1_138_BUFG}] -add {CLOCKREGION_X1Y1:CLOCKREGION_X1Y1 CLOCKREGION_X1Y2:CLOCKREGION_X1Y2}
#endgroup

# Clock net "n_0_139_BUFG" driven by instance "n_0_139_BUFG_inst" located at site "BUFGCTRL_X0Y1"
#startgroup
create_pblock {CLKAG_n_0_139_BUFG}
add_cells_to_pblock [get_pblocks  {CLKAG_n_0_139_BUFG}] [get_cells -filter { PRIMITIVE_GROUP != I/O && IS_PRIMITIVE==1 && PRIMITIVE_LEVEL !=INTERNAL } -of_object [get_pins -filter {DIRECTION==IN} -of_objects [get_nets -hierarchical -filter {PARENT=="n_0_139_BUFG"}]]]
resize_pblock [get_pblocks {CLKAG_n_0_139_BUFG}] -add {CLOCKREGION_X1Y1:CLOCKREGION_X1Y1 CLOCKREGION_X1Y2:CLOCKREGION_X1Y2}
#endgroup

# Clock net "CLK_IBUF_BUFG" driven by instance "CLK_IBUF_BUFG_inst" located at site "BUFGCTRL_X0Y0"
#startgroup
create_pblock {CLKAG_CLK_IBUF_BUFG}
add_cells_to_pblock [get_pblocks  {CLKAG_CLK_IBUF_BUFG}] [get_cells -filter { PRIMITIVE_GROUP != I/O && IS_PRIMITIVE==1 && PRIMITIVE_LEVEL !=INTERNAL } -of_object [get_pins -filter {DIRECTION==IN} -of_objects [get_nets -hierarchical -filter {PARENT=="CLK_IBUF_BUFG"}]]]
resize_pblock [get_pblocks {CLKAG_CLK_IBUF_BUFG}] -add {CLOCKREGION_X1Y1:CLOCKREGION_X1Y1 CLOCKREGION_X1Y2:CLOCKREGION_X1Y2}
#endgroup
