Vivado Simulator 2018.3
Time resolution is 1 ps
WARNING: "C:\Xilinx\Vivado\2018.3\data/verilog/src/unisims/LDCE.v" Line 169: Timing violation in scope /Control_TB/uut/FSM_inst/PCSrc_reg[0]/TChk169_907 at time 107321 ps $width (negedge G,(0:0:0),0,notifier) 
WARNING: "C:\Xilinx\Vivado\2018.3\data/verilog/src/unisims/LDCE.v" Line 169: Timing violation in scope /Control_TB/uut/FSM_inst/IRWrite_reg/TChk169_907 at time 107461 ps $width (negedge G,(0:0:0),0,notifier) 
WARNING: "C:\Xilinx\Vivado\2018.3\data/verilog/src/unisims/LDCE.v" Line 169: Timing violation in scope /Control_TB/uut/FSM_inst/PCSrc_reg[1]/TChk169_907 at time 107490 ps $width (negedge G,(0:0:0),0,notifier) 
WARNING: "C:\Xilinx\Vivado\2018.3\data/verilog/src/unisims/LDCE.v" Line 169: Timing violation in scope /Control_TB/uut/FSM_inst/RegWrite_reg/TChk169_907 at time 107490 ps $width (negedge G,(0:0:0),0,notifier) 
WARNING: "C:\Xilinx\Vivado\2018.3\data/verilog/src/unisims/LDCE.v" Line 169: Timing violation in scope /Control_TB/uut/FSM_inst/FlagsWrite_reg/TChk169_907 at time 107530 ps $width (negedge G,(0:0:0),0,notifier) 
WARNING: "C:\Xilinx\Vivado\2018.3\data/verilog/src/unisims/LDCE.v" Line 169: Timing violation in scope /Control_TB/uut/FSM_inst/MAWrite_reg/TChk169_907 at time 107530 ps $width (negedge G,(0:0:0),0,notifier) 
WARNING: "C:\Xilinx\Vivado\2018.3\data/verilog/src/unisims/LDCE.v" Line 169: Timing violation in scope /Control_TB/uut/FSM_inst/MemWrite_reg/TChk169_907 at time 107530 ps $width (negedge G,(0:0:0),0,notifier) 
WARNING: "C:\Xilinx\Vivado\2018.3\data/verilog/src/unisims/LDCE.v" Line 169: Timing violation in scope /Control_TB/uut/FSM_inst/PCWrite_reg/TChk169_907 at time 107530 ps $width (negedge G,(0:0:0),0,notifier) 
WARNING: "C:\Xilinx\Vivado\2018.3\data/verilog/src/unisims/LDCE.v" Line 169: Timing violation in scope /Control_TB/uut/FSM_inst/PCSrc_reg[0]/TChk169_907 at time 117544 ps $width (negedge G,(0:0:0),0,notifier) 
WARNING: "C:\Xilinx\Vivado\2018.3\data/verilog/src/unisims/LDCE.v" Line 169: Timing violation in scope /Control_TB/uut/FSM_inst/IRWrite_reg/TChk169_907 at time 117684 ps $width (negedge G,(0:0:0),0,notifier) 
WARNING: "C:\Xilinx\Vivado\2018.3\data/verilog/src/unisims/LDCE.v" Line 169: Timing violation in scope /Control_TB/uut/FSM_inst/PCSrc_reg[1]/TChk169_907 at time 117713 ps $width (negedge G,(0:0:0),0,notifier) 
WARNING: "C:\Xilinx\Vivado\2018.3\data/verilog/src/unisims/LDCE.v" Line 169: Timing violation in scope /Control_TB/uut/FSM_inst/RegWrite_reg/TChk169_907 at time 117713 ps $width (negedge G,(0:0:0),0,notifier) 
WARNING: "C:\Xilinx\Vivado\2018.3\data/verilog/src/unisims/LDCE.v" Line 169: Timing violation in scope /Control_TB/uut/FSM_inst/FlagsWrite_reg/TChk169_907 at time 117753 ps $width (negedge G,(0:0:0),0,notifier) 
WARNING: "C:\Xilinx\Vivado\2018.3\data/verilog/src/unisims/LDCE.v" Line 169: Timing violation in scope /Control_TB/uut/FSM_inst/MAWrite_reg/TChk169_907 at time 117753 ps $width (negedge G,(0:0:0),0,notifier) 
WARNING: "C:\Xilinx\Vivado\2018.3\data/verilog/src/unisims/LDCE.v" Line 169: Timing violation in scope /Control_TB/uut/FSM_inst/MemWrite_reg/TChk169_907 at time 117753 ps $width (negedge G,(0:0:0),0,notifier) 
WARNING: "C:\Xilinx\Vivado\2018.3\data/verilog/src/unisims/LDCE.v" Line 169: Timing violation in scope /Control_TB/uut/FSM_inst/PCWrite_reg/TChk169_907 at time 117753 ps $width (negedge G,(0:0:0),0,notifier) 
WARNING: "C:\Xilinx\Vivado\2018.3\data/verilog/src/unisims/LDCE.v" Line 169: Timing violation in scope /Control_TB/uut/FSM_inst/PCSrc_reg[0]/TChk169_907 at time 127928 ps $width (negedge G,(0:0:0),0,notifier) 
WARNING: "C:\Xilinx\Vivado\2018.3\data/verilog/src/unisims/LDCE.v" Line 169: Timing violation in scope /Control_TB/uut/FSM_inst/IRWrite_reg/TChk169_907 at time 128068 ps $width (negedge G,(0:0:0),0,notifier) 
WARNING: "C:\Xilinx\Vivado\2018.3\data/verilog/src/unisims/LDCE.v" Line 169: Timing violation in scope /Control_TB/uut/FSM_inst/PCSrc_reg[1]/TChk169_907 at time 128097 ps $width (negedge G,(0:0:0),0,notifier) 
WARNING: "C:\Xilinx\Vivado\2018.3\data/verilog/src/unisims/LDCE.v" Line 169: Timing violation in scope /Control_TB/uut/FSM_inst/RegWrite_reg/TChk169_907 at time 128097 ps $width (negedge G,(0:0:0),0,notifier) 
WARNING: "C:\Xilinx\Vivado\2018.3\data/verilog/src/unisims/LDCE.v" Line 169: Timing violation in scope /Control_TB/uut/FSM_inst/FlagsWrite_reg/TChk169_907 at time 128137 ps $width (negedge G,(0:0:0),0,notifier) 
WARNING: "C:\Xilinx\Vivado\2018.3\data/verilog/src/unisims/LDCE.v" Line 169: Timing violation in scope /Control_TB/uut/FSM_inst/MAWrite_reg/TChk169_907 at time 128137 ps $width (negedge G,(0:0:0),0,notifier) 
WARNING: "C:\Xilinx\Vivado\2018.3\data/verilog/src/unisims/LDCE.v" Line 169: Timing violation in scope /Control_TB/uut/FSM_inst/MemWrite_reg/TChk169_907 at time 128137 ps $width (negedge G,(0:0:0),0,notifier) 
WARNING: "C:\Xilinx\Vivado\2018.3\data/verilog/src/unisims/LDCE.v" Line 169: Timing violation in scope /Control_TB/uut/FSM_inst/PCWrite_reg/TChk169_907 at time 128137 ps $width (negedge G,(0:0:0),0,notifier) 
WARNING: "C:\Xilinx\Vivado\2018.3\data/verilog/src/unisims/LDCE.v" Line 169: Timing violation in scope /Control_TB/uut/FSM_inst/PCSrc_reg[0]/TChk169_907 at time 157321 ps $width (negedge G,(0:0:0),0,notifier) 
WARNING: "C:\Xilinx\Vivado\2018.3\data/verilog/src/unisims/LDCE.v" Line 169: Timing violation in scope /Control_TB/uut/FSM_inst/IRWrite_reg/TChk169_907 at time 157461 ps $width (negedge G,(0:0:0),0,notifier) 
WARNING: "C:\Xilinx\Vivado\2018.3\data/verilog/src/unisims/LDCE.v" Line 169: Timing violation in scope /Control_TB/uut/FSM_inst/PCSrc_reg[1]/TChk169_907 at time 157490 ps $width (negedge G,(0:0:0),0,notifier) 
WARNING: "C:\Xilinx\Vivado\2018.3\data/verilog/src/unisims/LDCE.v" Line 169: Timing violation in scope /Control_TB/uut/FSM_inst/RegWrite_reg/TChk169_907 at time 157490 ps $width (negedge G,(0:0:0),0,notifier) 
WARNING: "C:\Xilinx\Vivado\2018.3\data/verilog/src/unisims/LDCE.v" Line 169: Timing violation in scope /Control_TB/uut/FSM_inst/FlagsWrite_reg/TChk169_907 at time 157530 ps $width (negedge G,(0:0:0),0,notifier) 
WARNING: "C:\Xilinx\Vivado\2018.3\data/verilog/src/unisims/LDCE.v" Line 169: Timing violation in scope /Control_TB/uut/FSM_inst/MAWrite_reg/TChk169_907 at time 157530 ps $width (negedge G,(0:0:0),0,notifier) 
WARNING: "C:\Xilinx\Vivado\2018.3\data/verilog/src/unisims/LDCE.v" Line 169: Timing violation in scope /Control_TB/uut/FSM_inst/MemWrite_reg/TChk169_907 at time 157530 ps $width (negedge G,(0:0:0),0,notifier) 
WARNING: "C:\Xilinx\Vivado\2018.3\data/verilog/src/unisims/LDCE.v" Line 169: Timing violation in scope /Control_TB/uut/FSM_inst/PCWrite_reg/TChk169_907 at time 157530 ps $width (negedge G,(0:0:0),0,notifier) 
WARNING: "C:\Xilinx\Vivado\2018.3\data/verilog/src/unisims/LDCE.v" Line 169: Timing violation in scope /Control_TB/uut/FSM_inst/PCSrc_reg[0]/TChk169_907 at time 167544 ps $width (negedge G,(0:0:0),0,notifier) 
WARNING: "C:\Xilinx\Vivado\2018.3\data/verilog/src/unisims/LDCE.v" Line 169: Timing violation in scope /Control_TB/uut/FSM_inst/IRWrite_reg/TChk169_907 at time 167684 ps $width (negedge G,(0:0:0),0,notifier) 
WARNING: "C:\Xilinx\Vivado\2018.3\data/verilog/src/unisims/LDCE.v" Line 169: Timing violation in scope /Control_TB/uut/FSM_inst/PCSrc_reg[1]/TChk169_907 at time 167713 ps $width (negedge G,(0:0:0),0,notifier) 
WARNING: "C:\Xilinx\Vivado\2018.3\data/verilog/src/unisims/LDCE.v" Line 169: Timing violation in scope /Control_TB/uut/FSM_inst/RegWrite_reg/TChk169_907 at time 167713 ps $width (negedge G,(0:0:0),0,notifier) 
WARNING: "C:\Xilinx\Vivado\2018.3\data/verilog/src/unisims/LDCE.v" Line 169: Timing violation in scope /Control_TB/uut/FSM_inst/FlagsWrite_reg/TChk169_907 at time 167753 ps $width (negedge G,(0:0:0),0,notifier) 
WARNING: "C:\Xilinx\Vivado\2018.3\data/verilog/src/unisims/LDCE.v" Line 169: Timing violation in scope /Control_TB/uut/FSM_inst/MAWrite_reg/TChk169_907 at time 167753 ps $width (negedge G,(0:0:0),0,notifier) 
WARNING: "C:\Xilinx\Vivado\2018.3\data/verilog/src/unisims/LDCE.v" Line 169: Timing violation in scope /Control_TB/uut/FSM_inst/MemWrite_reg/TChk169_907 at time 167753 ps $width (negedge G,(0:0:0),0,notifier) 
WARNING: "C:\Xilinx\Vivado\2018.3\data/verilog/src/unisims/LDCE.v" Line 169: Timing violation in scope /Control_TB/uut/FSM_inst/PCWrite_reg/TChk169_907 at time 167753 ps $width (negedge G,(0:0:0),0,notifier) 
WARNING: "C:\Xilinx\Vivado\2018.3\data/verilog/src/unisims/LDCE.v" Line 169: Timing violation in scope /Control_TB/uut/FSM_inst/PCSrc_reg[0]/TChk169_907 at time 177928 ps $width (negedge G,(0:0:0),0,notifier) 
WARNING: "C:\Xilinx\Vivado\2018.3\data/verilog/src/unisims/LDCE.v" Line 169: Timing violation in scope /Control_TB/uut/FSM_inst/IRWrite_reg/TChk169_907 at time 178068 ps $width (negedge G,(0:0:0),0,notifier) 
WARNING: "C:\Xilinx\Vivado\2018.3\data/verilog/src/unisims/LDCE.v" Line 169: Timing violation in scope /Control_TB/uut/FSM_inst/PCSrc_reg[1]/TChk169_907 at time 178097 ps $width (negedge G,(0:0:0),0,notifier) 
WARNING: "C:\Xilinx\Vivado\2018.3\data/verilog/src/unisims/LDCE.v" Line 169: Timing violation in scope /Control_TB/uut/FSM_inst/RegWrite_reg/TChk169_907 at time 178097 ps $width (negedge G,(0:0:0),0,notifier) 
WARNING: "C:\Xilinx\Vivado\2018.3\data/verilog/src/unisims/LDCE.v" Line 169: Timing violation in scope /Control_TB/uut/FSM_inst/FlagsWrite_reg/TChk169_907 at time 178137 ps $width (negedge G,(0:0:0),0,notifier) 
WARNING: "C:\Xilinx\Vivado\2018.3\data/verilog/src/unisims/LDCE.v" Line 169: Timing violation in scope /Control_TB/uut/FSM_inst/MAWrite_reg/TChk169_907 at time 178137 ps $width (negedge G,(0:0:0),0,notifier) 
WARNING: "C:\Xilinx\Vivado\2018.3\data/verilog/src/unisims/LDCE.v" Line 169: Timing violation in scope /Control_TB/uut/FSM_inst/MemWrite_reg/TChk169_907 at time 178137 ps $width (negedge G,(0:0:0),0,notifier) 
WARNING: "C:\Xilinx\Vivado\2018.3\data/verilog/src/unisims/LDCE.v" Line 169: Timing violation in scope /Control_TB/uut/FSM_inst/PCWrite_reg/TChk169_907 at time 178137 ps $width (negedge G,(0:0:0),0,notifier) 
WARNING: "C:\Xilinx\Vivado\2018.3\data/verilog/src/unisims/LDCE.v" Line 169: Timing violation in scope /Control_TB/uut/FSM_inst/PCSrc_reg[0]/TChk169_907 at time 207321 ps $width (negedge G,(0:0:0),0,notifier) 
WARNING: "C:\Xilinx\Vivado\2018.3\data/verilog/src/unisims/LDCE.v" Line 169: Timing violation in scope /Control_TB/uut/FSM_inst/IRWrite_reg/TChk169_907 at time 207461 ps $width (negedge G,(0:0:0),0,notifier) 
WARNING: "C:\Xilinx\Vivado\2018.3\data/verilog/src/unisims/LDCE.v" Line 169: Timing violation in scope /Control_TB/uut/FSM_inst/PCSrc_reg[1]/TChk169_907 at time 207490 ps $width (negedge G,(0:0:0),0,notifier) 
WARNING: "C:\Xilinx\Vivado\2018.3\data/verilog/src/unisims/LDCE.v" Line 169: Timing violation in scope /Control_TB/uut/FSM_inst/RegWrite_reg/TChk169_907 at time 207490 ps $width (negedge G,(0:0:0),0,notifier) 
WARNING: "C:\Xilinx\Vivado\2018.3\data/verilog/src/unisims/LDCE.v" Line 169: Timing violation in scope /Control_TB/uut/FSM_inst/FlagsWrite_reg/TChk169_907 at time 207530 ps $width (negedge G,(0:0:0),0,notifier) 
WARNING: "C:\Xilinx\Vivado\2018.3\data/verilog/src/unisims/LDCE.v" Line 169: Timing violation in scope /Control_TB/uut/FSM_inst/MAWrite_reg/TChk169_907 at time 207530 ps $width (negedge G,(0:0:0),0,notifier) 
WARNING: "C:\Xilinx\Vivado\2018.3\data/verilog/src/unisims/LDCE.v" Line 169: Timing violation in scope /Control_TB/uut/FSM_inst/MemWrite_reg/TChk169_907 at time 207530 ps $width (negedge G,(0:0:0),0,notifier) 
WARNING: "C:\Xilinx\Vivado\2018.3\data/verilog/src/unisims/LDCE.v" Line 169: Timing violation in scope /Control_TB/uut/FSM_inst/PCWrite_reg/TChk169_907 at time 207530 ps $width (negedge G,(0:0:0),0,notifier) 
WARNING: "C:\Xilinx\Vivado\2018.3\data/verilog/src/unisims/LDCE.v" Line 169: Timing violation in scope /Control_TB/uut/FSM_inst/PCSrc_reg[0]/TChk169_907 at time 247321 ps $width (negedge G,(0:0:0),0,notifier) 
WARNING: "C:\Xilinx\Vivado\2018.3\data/verilog/src/unisims/LDCE.v" Line 169: Timing violation in scope /Control_TB/uut/FSM_inst/IRWrite_reg/TChk169_907 at time 247461 ps $width (negedge G,(0:0:0),0,notifier) 
WARNING: "C:\Xilinx\Vivado\2018.3\data/verilog/src/unisims/LDCE.v" Line 169: Timing violation in scope /Control_TB/uut/FSM_inst/PCSrc_reg[1]/TChk169_907 at time 247490 ps $width (negedge G,(0:0:0),0,notifier) 
WARNING: "C:\Xilinx\Vivado\2018.3\data/verilog/src/unisims/LDCE.v" Line 169: Timing violation in scope /Control_TB/uut/FSM_inst/RegWrite_reg/TChk169_907 at time 247490 ps $width (negedge G,(0:0:0),0,notifier) 
WARNING: "C:\Xilinx\Vivado\2018.3\data/verilog/src/unisims/LDCE.v" Line 169: Timing violation in scope /Control_TB/uut/FSM_inst/FlagsWrite_reg/TChk169_907 at time 247530 ps $width (negedge G,(0:0:0),0,notifier) 
WARNING: "C:\Xilinx\Vivado\2018.3\data/verilog/src/unisims/LDCE.v" Line 169: Timing violation in scope /Control_TB/uut/FSM_inst/MAWrite_reg/TChk169_907 at time 247530 ps $width (negedge G,(0:0:0),0,notifier) 
WARNING: "C:\Xilinx\Vivado\2018.3\data/verilog/src/unisims/LDCE.v" Line 169: Timing violation in scope /Control_TB/uut/FSM_inst/MemWrite_reg/TChk169_907 at time 247530 ps $width (negedge G,(0:0:0),0,notifier) 
WARNING: "C:\Xilinx\Vivado\2018.3\data/verilog/src/unisims/LDCE.v" Line 169: Timing violation in scope /Control_TB/uut/FSM_inst/PCWrite_reg/TChk169_907 at time 247530 ps $width (negedge G,(0:0:0),0,notifier) 
WARNING: "C:\Xilinx\Vivado\2018.3\data/verilog/src/unisims/LDCE.v" Line 169: Timing violation in scope /Control_TB/uut/FSM_inst/PCSrc_reg[0]/TChk169_907 at time 287321 ps $width (negedge G,(0:0:0),0,notifier) 
WARNING: "C:\Xilinx\Vivado\2018.3\data/verilog/src/unisims/LDCE.v" Line 169: Timing violation in scope /Control_TB/uut/FSM_inst/IRWrite_reg/TChk169_907 at time 287461 ps $width (negedge G,(0:0:0),0,notifier) 
WARNING: "C:\Xilinx\Vivado\2018.3\data/verilog/src/unisims/LDCE.v" Line 169: Timing violation in scope /Control_TB/uut/FSM_inst/PCSrc_reg[1]/TChk169_907 at time 287490 ps $width (negedge G,(0:0:0),0,notifier) 
WARNING: "C:\Xilinx\Vivado\2018.3\data/verilog/src/unisims/LDCE.v" Line 169: Timing violation in scope /Control_TB/uut/FSM_inst/RegWrite_reg/TChk169_907 at time 287490 ps $width (negedge G,(0:0:0),0,notifier) 
WARNING: "C:\Xilinx\Vivado\2018.3\data/verilog/src/unisims/LDCE.v" Line 169: Timing violation in scope /Control_TB/uut/FSM_inst/FlagsWrite_reg/TChk169_907 at time 287530 ps $width (negedge G,(0:0:0),0,notifier) 
WARNING: "C:\Xilinx\Vivado\2018.3\data/verilog/src/unisims/LDCE.v" Line 169: Timing violation in scope /Control_TB/uut/FSM_inst/MAWrite_reg/TChk169_907 at time 287530 ps $width (negedge G,(0:0:0),0,notifier) 
WARNING: "C:\Xilinx\Vivado\2018.3\data/verilog/src/unisims/LDCE.v" Line 169: Timing violation in scope /Control_TB/uut/FSM_inst/MemWrite_reg/TChk169_907 at time 287530 ps $width (negedge G,(0:0:0),0,notifier) 
WARNING: "C:\Xilinx\Vivado\2018.3\data/verilog/src/unisims/LDCE.v" Line 169: Timing violation in scope /Control_TB/uut/FSM_inst/PCWrite_reg/TChk169_907 at time 287530 ps $width (negedge G,(0:0:0),0,notifier) 
WARNING: "C:\Xilinx\Vivado\2018.3\data/verilog/src/unisims/LDCE.v" Line 169: Timing violation in scope /Control_TB/uut/FSM_inst/PCSrc_reg[0]/TChk169_907 at time 327321 ps $width (negedge G,(0:0:0),0,notifier) 
WARNING: "C:\Xilinx\Vivado\2018.3\data/verilog/src/unisims/LDCE.v" Line 169: Timing violation in scope /Control_TB/uut/FSM_inst/IRWrite_reg/TChk169_907 at time 327461 ps $width (negedge G,(0:0:0),0,notifier) 
WARNING: "C:\Xilinx\Vivado\2018.3\data/verilog/src/unisims/LDCE.v" Line 169: Timing violation in scope /Control_TB/uut/FSM_inst/PCSrc_reg[1]/TChk169_907 at time 327490 ps $width (negedge G,(0:0:0),0,notifier) 
WARNING: "C:\Xilinx\Vivado\2018.3\data/verilog/src/unisims/LDCE.v" Line 169: Timing violation in scope /Control_TB/uut/FSM_inst/RegWrite_reg/TChk169_907 at time 327490 ps $width (negedge G,(0:0:0),0,notifier) 
WARNING: "C:\Xilinx\Vivado\2018.3\data/verilog/src/unisims/LDCE.v" Line 169: Timing violation in scope /Control_TB/uut/FSM_inst/FlagsWrite_reg/TChk169_907 at time 327530 ps $width (negedge G,(0:0:0),0,notifier) 
WARNING: "C:\Xilinx\Vivado\2018.3\data/verilog/src/unisims/LDCE.v" Line 169: Timing violation in scope /Control_TB/uut/FSM_inst/MAWrite_reg/TChk169_907 at time 327530 ps $width (negedge G,(0:0:0),0,notifier) 
WARNING: "C:\Xilinx\Vivado\2018.3\data/verilog/src/unisims/LDCE.v" Line 169: Timing violation in scope /Control_TB/uut/FSM_inst/MemWrite_reg/TChk169_907 at time 327530 ps $width (negedge G,(0:0:0),0,notifier) 
WARNING: "C:\Xilinx\Vivado\2018.3\data/verilog/src/unisims/LDCE.v" Line 169: Timing violation in scope /Control_TB/uut/FSM_inst/PCWrite_reg/TChk169_907 at time 327530 ps $width (negedge G,(0:0:0),0,notifier) 
WARNING: "C:\Xilinx\Vivado\2018.3\data/verilog/src/unisims/LDCE.v" Line 169: Timing violation in scope /Control_TB/uut/FSM_inst/PCSrc_reg[0]/TChk169_907 at time 367321 ps $width (negedge G,(0:0:0),0,notifier) 
WARNING: "C:\Xilinx\Vivado\2018.3\data/verilog/src/unisims/LDCE.v" Line 169: Timing violation in scope /Control_TB/uut/FSM_inst/IRWrite_reg/TChk169_907 at time 367461 ps $width (negedge G,(0:0:0),0,notifier) 
WARNING: "C:\Xilinx\Vivado\2018.3\data/verilog/src/unisims/LDCE.v" Line 169: Timing violation in scope /Control_TB/uut/FSM_inst/PCSrc_reg[1]/TChk169_907 at time 367490 ps $width (negedge G,(0:0:0),0,notifier) 
WARNING: "C:\Xilinx\Vivado\2018.3\data/verilog/src/unisims/LDCE.v" Line 169: Timing violation in scope /Control_TB/uut/FSM_inst/RegWrite_reg/TChk169_907 at time 367490 ps $width (negedge G,(0:0:0),0,notifier) 
WARNING: "C:\Xilinx\Vivado\2018.3\data/verilog/src/unisims/LDCE.v" Line 169: Timing violation in scope /Control_TB/uut/FSM_inst/FlagsWrite_reg/TChk169_907 at time 367530 ps $width (negedge G,(0:0:0),0,notifier) 
WARNING: "C:\Xilinx\Vivado\2018.3\data/verilog/src/unisims/LDCE.v" Line 169: Timing violation in scope /Control_TB/uut/FSM_inst/MAWrite_reg/TChk169_907 at time 367530 ps $width (negedge G,(0:0:0),0,notifier) 
WARNING: "C:\Xilinx\Vivado\2018.3\data/verilog/src/unisims/LDCE.v" Line 169: Timing violation in scope /Control_TB/uut/FSM_inst/MemWrite_reg/TChk169_907 at time 367530 ps $width (negedge G,(0:0:0),0,notifier) 
WARNING: "C:\Xilinx\Vivado\2018.3\data/verilog/src/unisims/LDCE.v" Line 169: Timing violation in scope /Control_TB/uut/FSM_inst/PCWrite_reg/TChk169_907 at time 367530 ps $width (negedge G,(0:0:0),0,notifier) 
WARNING: "C:\Xilinx\Vivado\2018.3\data/verilog/src/unisims/LDCE.v" Line 169: Timing violation in scope /Control_TB/uut/FSM_inst/PCSrc_reg[0]/TChk169_907 at time 397321 ps $width (negedge G,(0:0:0),0,notifier) 
WARNING: "C:\Xilinx\Vivado\2018.3\data/verilog/src/unisims/LDCE.v" Line 169: Timing violation in scope /Control_TB/uut/FSM_inst/IRWrite_reg/TChk169_907 at time 397461 ps $width (negedge G,(0:0:0),0,notifier) 
WARNING: "C:\Xilinx\Vivado\2018.3\data/verilog/src/unisims/LDCE.v" Line 169: Timing violation in scope /Control_TB/uut/FSM_inst/PCSrc_reg[1]/TChk169_907 at time 397490 ps $width (negedge G,(0:0:0),0,notifier) 
WARNING: "C:\Xilinx\Vivado\2018.3\data/verilog/src/unisims/LDCE.v" Line 169: Timing violation in scope /Control_TB/uut/FSM_inst/RegWrite_reg/TChk169_907 at time 397490 ps $width (negedge G,(0:0:0),0,notifier) 
WARNING: "C:\Xilinx\Vivado\2018.3\data/verilog/src/unisims/LDCE.v" Line 169: Timing violation in scope /Control_TB/uut/FSM_inst/FlagsWrite_reg/TChk169_907 at time 397530 ps $width (negedge G,(0:0:0),0,notifier) 
WARNING: "C:\Xilinx\Vivado\2018.3\data/verilog/src/unisims/LDCE.v" Line 169: Timing violation in scope /Control_TB/uut/FSM_inst/MAWrite_reg/TChk169_907 at time 397530 ps $width (negedge G,(0:0:0),0,notifier) 
WARNING: "C:\Xilinx\Vivado\2018.3\data/verilog/src/unisims/LDCE.v" Line 169: Timing violation in scope /Control_TB/uut/FSM_inst/MemWrite_reg/TChk169_907 at time 397530 ps $width (negedge G,(0:0:0),0,notifier) 
WARNING: "C:\Xilinx\Vivado\2018.3\data/verilog/src/unisims/LDCE.v" Line 169: Timing violation in scope /Control_TB/uut/FSM_inst/PCWrite_reg/TChk169_907 at time 397530 ps $width (negedge G,(0:0:0),0,notifier) 
WARNING: "C:\Xilinx\Vivado\2018.3\data/verilog/src/unisims/LDCE.v" Line 169: Timing violation in scope /Control_TB/uut/FSM_inst/PCSrc_reg[0]/TChk169_907 at time 427321 ps $width (negedge G,(0:0:0),0,notifier) 
WARNING: "C:\Xilinx\Vivado\2018.3\data/verilog/src/unisims/LDCE.v" Line 169: Timing violation in scope /Control_TB/uut/FSM_inst/IRWrite_reg/TChk169_907 at time 427461 ps $width (negedge G,(0:0:0),0,notifier) 
WARNING: "C:\Xilinx\Vivado\2018.3\data/verilog/src/unisims/LDCE.v" Line 169: Timing violation in scope /Control_TB/uut/FSM_inst/PCSrc_reg[1]/TChk169_907 at time 427490 ps $width (negedge G,(0:0:0),0,notifier) 
WARNING: "C:\Xilinx\Vivado\2018.3\data/verilog/src/unisims/LDCE.v" Line 169: Timing violation in scope /Control_TB/uut/FSM_inst/RegWrite_reg/TChk169_907 at time 427490 ps $width (negedge G,(0:0:0),0,notifier) 
WARNING: "C:\Xilinx\Vivado\2018.3\data/verilog/src/unisims/LDCE.v" Line 169: Timing violation in scope /Control_TB/uut/FSM_inst/FlagsWrite_reg/TChk169_907 at time 427530 ps $width (negedge G,(0:0:0),0,notifier) 
WARNING: "C:\Xilinx\Vivado\2018.3\data/verilog/src/unisims/LDCE.v" Line 169: Timing violation in scope /Control_TB/uut/FSM_inst/MAWrite_reg/TChk169_907 at time 427530 ps $width (negedge G,(0:0:0),0,notifier) 
WARNING: "C:\Xilinx\Vivado\2018.3\data/verilog/src/unisims/LDCE.v" Line 169: Timing violation in scope /Control_TB/uut/FSM_inst/MemWrite_reg/TChk169_907 at time 427530 ps $width (negedge G,(0:0:0),0,notifier) 
WARNING: "C:\Xilinx\Vivado\2018.3\data/verilog/src/unisims/LDCE.v" Line 169: Timing violation in scope /Control_TB/uut/FSM_inst/PCWrite_reg/TChk169_907 at time 427530 ps $width (negedge G,(0:0:0),0,notifier) 
WARNING: "C:\Xilinx\Vivado\2018.3\data/verilog/src/unisims/LDCE.v" Line 169: Timing violation in scope /Control_TB/uut/FSM_inst/PCSrc_reg[0]/TChk169_907 at time 457321 ps $width (negedge G,(0:0:0),0,notifier) 
WARNING: "C:\Xilinx\Vivado\2018.3\data/verilog/src/unisims/LDCE.v" Line 169: Timing violation in scope /Control_TB/uut/FSM_inst/IRWrite_reg/TChk169_907 at time 457461 ps $width (negedge G,(0:0:0),0,notifier) 
WARNING: "C:\Xilinx\Vivado\2018.3\data/verilog/src/unisims/LDCE.v" Line 169: Timing violation in scope /Control_TB/uut/FSM_inst/PCSrc_reg[1]/TChk169_907 at time 457490 ps $width (negedge G,(0:0:0),0,notifier) 
WARNING: "C:\Xilinx\Vivado\2018.3\data/verilog/src/unisims/LDCE.v" Line 169: Timing violation in scope /Control_TB/uut/FSM_inst/RegWrite_reg/TChk169_907 at time 457490 ps $width (negedge G,(0:0:0),0,notifier) 
WARNING: "C:\Xilinx\Vivado\2018.3\data/verilog/src/unisims/LDCE.v" Line 169: Timing violation in scope /Control_TB/uut/FSM_inst/FlagsWrite_reg/TChk169_907 at time 457530 ps $width (negedge G,(0:0:0),0,notifier) 
WARNING: "C:\Xilinx\Vivado\2018.3\data/verilog/src/unisims/LDCE.v" Line 169: Timing violation in scope /Control_TB/uut/FSM_inst/MAWrite_reg/TChk169_907 at time 457530 ps $width (negedge G,(0:0:0),0,notifier) 
WARNING: "C:\Xilinx\Vivado\2018.3\data/verilog/src/unisims/LDCE.v" Line 169: Timing violation in scope /Control_TB/uut/FSM_inst/MemWrite_reg/TChk169_907 at time 457530 ps $width (negedge G,(0:0:0),0,notifier) 
WARNING: "C:\Xilinx\Vivado\2018.3\data/verilog/src/unisims/LDCE.v" Line 169: Timing violation in scope /Control_TB/uut/FSM_inst/PCWrite_reg/TChk169_907 at time 457530 ps $width (negedge G,(0:0:0),0,notifier) 
WARNING: "C:\Xilinx\Vivado\2018.3\data/verilog/src/unisims/LDCE.v" Line 169: Timing violation in scope /Control_TB/uut/FSM_inst/PCSrc_reg[0]/TChk169_907 at time 467805 ps $width (negedge G,(0:0:0),0,notifier) 
WARNING: "C:\Xilinx\Vivado\2018.3\data/verilog/src/unisims/LDCE.v" Line 169: Timing violation in scope /Control_TB/uut/FSM_inst/IRWrite_reg/TChk169_907 at time 467945 ps $width (negedge G,(0:0:0),0,notifier) 
WARNING: "C:\Xilinx\Vivado\2018.3\data/verilog/src/unisims/LDCE.v" Line 169: Timing violation in scope /Control_TB/uut/FSM_inst/PCSrc_reg[1]/TChk169_907 at time 467974 ps $width (negedge G,(0:0:0),0,notifier) 
WARNING: "C:\Xilinx\Vivado\2018.3\data/verilog/src/unisims/LDCE.v" Line 169: Timing violation in scope /Control_TB/uut/FSM_inst/RegWrite_reg/TChk169_907 at time 467974 ps $width (negedge G,(0:0:0),0,notifier) 
WARNING: "C:\Xilinx\Vivado\2018.3\data/verilog/src/unisims/LDCE.v" Line 169: Timing violation in scope /Control_TB/uut/FSM_inst/FlagsWrite_reg/TChk169_907 at time 468014 ps $width (negedge G,(0:0:0),0,notifier) 
WARNING: "C:\Xilinx\Vivado\2018.3\data/verilog/src/unisims/LDCE.v" Line 169: Timing violation in scope /Control_TB/uut/FSM_inst/MAWrite_reg/TChk169_907 at time 468014 ps $width (negedge G,(0:0:0),0,notifier) 
WARNING: "C:\Xilinx\Vivado\2018.3\data/verilog/src/unisims/LDCE.v" Line 169: Timing violation in scope /Control_TB/uut/FSM_inst/MemWrite_reg/TChk169_907 at time 468014 ps $width (negedge G,(0:0:0),0,notifier) 
WARNING: "C:\Xilinx\Vivado\2018.3\data/verilog/src/unisims/LDCE.v" Line 169: Timing violation in scope /Control_TB/uut/FSM_inst/PCWrite_reg/TChk169_907 at time 468014 ps $width (negedge G,(0:0:0),0,notifier) 
WARNING: "C:\Xilinx\Vivado\2018.3\data/verilog/src/unisims/LDCE.v" Line 169: Timing violation in scope /Control_TB/uut/FSM_inst/PCSrc_reg[0]/TChk169_907 at time 487321 ps $width (negedge G,(0:0:0),0,notifier) 
WARNING: "C:\Xilinx\Vivado\2018.3\data/verilog/src/unisims/LDCE.v" Line 169: Timing violation in scope /Control_TB/uut/FSM_inst/IRWrite_reg/TChk169_907 at time 487461 ps $width (negedge G,(0:0:0),0,notifier) 
WARNING: "C:\Xilinx\Vivado\2018.3\data/verilog/src/unisims/LDCE.v" Line 169: Timing violation in scope /Control_TB/uut/FSM_inst/PCSrc_reg[1]/TChk169_907 at time 487490 ps $width (negedge G,(0:0:0),0,notifier) 
WARNING: "C:\Xilinx\Vivado\2018.3\data/verilog/src/unisims/LDCE.v" Line 169: Timing violation in scope /Control_TB/uut/FSM_inst/RegWrite_reg/TChk169_907 at time 487490 ps $width (negedge G,(0:0:0),0,notifier) 
WARNING: "C:\Xilinx\Vivado\2018.3\data/verilog/src/unisims/LDCE.v" Line 169: Timing violation in scope /Control_TB/uut/FSM_inst/FlagsWrite_reg/TChk169_907 at time 487530 ps $width (negedge G,(0:0:0),0,notifier) 
WARNING: "C:\Xilinx\Vivado\2018.3\data/verilog/src/unisims/LDCE.v" Line 169: Timing violation in scope /Control_TB/uut/FSM_inst/MAWrite_reg/TChk169_907 at time 487530 ps $width (negedge G,(0:0:0),0,notifier) 
WARNING: "C:\Xilinx\Vivado\2018.3\data/verilog/src/unisims/LDCE.v" Line 169: Timing violation in scope /Control_TB/uut/FSM_inst/MemWrite_reg/TChk169_907 at time 487530 ps $width (negedge G,(0:0:0),0,notifier) 
WARNING: "C:\Xilinx\Vivado\2018.3\data/verilog/src/unisims/LDCE.v" Line 169: Timing violation in scope /Control_TB/uut/FSM_inst/PCWrite_reg/TChk169_907 at time 487530 ps $width (negedge G,(0:0:0),0,notifier) 
WARNING: "C:\Xilinx\Vivado\2018.3\data/verilog/src/unisims/LDCE.v" Line 169: Timing violation in scope /Control_TB/uut/FSM_inst/PCSrc_reg[0]/TChk169_907 at time 497544 ps $width (negedge G,(0:0:0),0,notifier) 
WARNING: "C:\Xilinx\Vivado\2018.3\data/verilog/src/unisims/LDCE.v" Line 169: Timing violation in scope /Control_TB/uut/FSM_inst/IRWrite_reg/TChk169_907 at time 497684 ps $width (negedge G,(0:0:0),0,notifier) 
WARNING: "C:\Xilinx\Vivado\2018.3\data/verilog/src/unisims/LDCE.v" Line 169: Timing violation in scope /Control_TB/uut/FSM_inst/PCSrc_reg[1]/TChk169_907 at time 497713 ps $width (negedge G,(0:0:0),0,notifier) 
WARNING: "C:\Xilinx\Vivado\2018.3\data/verilog/src/unisims/LDCE.v" Line 169: Timing violation in scope /Control_TB/uut/FSM_inst/RegWrite_reg/TChk169_907 at time 497713 ps $width (negedge G,(0:0:0),0,notifier) 
WARNING: "C:\Xilinx\Vivado\2018.3\data/verilog/src/unisims/LDCE.v" Line 169: Timing violation in scope /Control_TB/uut/FSM_inst/FlagsWrite_reg/TChk169_907 at time 497753 ps $width (negedge G,(0:0:0),0,notifier) 
WARNING: "C:\Xilinx\Vivado\2018.3\data/verilog/src/unisims/LDCE.v" Line 169: Timing violation in scope /Control_TB/uut/FSM_inst/MAWrite_reg/TChk169_907 at time 497753 ps $width (negedge G,(0:0:0),0,notifier) 
WARNING: "C:\Xilinx\Vivado\2018.3\data/verilog/src/unisims/LDCE.v" Line 169: Timing violation in scope /Control_TB/uut/FSM_inst/MemWrite_reg/TChk169_907 at time 497753 ps $width (negedge G,(0:0:0),0,notifier) 
WARNING: "C:\Xilinx\Vivado\2018.3\data/verilog/src/unisims/LDCE.v" Line 169: Timing violation in scope /Control_TB/uut/FSM_inst/PCWrite_reg/TChk169_907 at time 497753 ps $width (negedge G,(0:0:0),0,notifier) 
WARNING: "C:\Xilinx\Vivado\2018.3\data/verilog/src/unisims/LDCE.v" Line 169: Timing violation in scope /Control_TB/uut/FSM_inst/PCSrc_reg[0]/TChk169_907 at time 527321 ps $width (negedge G,(0:0:0),0,notifier) 
WARNING: "C:\Xilinx\Vivado\2018.3\data/verilog/src/unisims/LDCE.v" Line 169: Timing violation in scope /Control_TB/uut/FSM_inst/IRWrite_reg/TChk169_907 at time 527461 ps $width (negedge G,(0:0:0),0,notifier) 
WARNING: "C:\Xilinx\Vivado\2018.3\data/verilog/src/unisims/LDCE.v" Line 169: Timing violation in scope /Control_TB/uut/FSM_inst/PCSrc_reg[1]/TChk169_907 at time 527490 ps $width (negedge G,(0:0:0),0,notifier) 
WARNING: "C:\Xilinx\Vivado\2018.3\data/verilog/src/unisims/LDCE.v" Line 169: Timing violation in scope /Control_TB/uut/FSM_inst/RegWrite_reg/TChk169_907 at time 527490 ps $width (negedge G,(0:0:0),0,notifier) 
WARNING: "C:\Xilinx\Vivado\2018.3\data/verilog/src/unisims/LDCE.v" Line 169: Timing violation in scope /Control_TB/uut/FSM_inst/FlagsWrite_reg/TChk169_907 at time 527530 ps $width (negedge G,(0:0:0),0,notifier) 
WARNING: "C:\Xilinx\Vivado\2018.3\data/verilog/src/unisims/LDCE.v" Line 169: Timing violation in scope /Control_TB/uut/FSM_inst/MAWrite_reg/TChk169_907 at time 527530 ps $width (negedge G,(0:0:0),0,notifier) 
WARNING: "C:\Xilinx\Vivado\2018.3\data/verilog/src/unisims/LDCE.v" Line 169: Timing violation in scope /Control_TB/uut/FSM_inst/MemWrite_reg/TChk169_907 at time 527530 ps $width (negedge G,(0:0:0),0,notifier) 
WARNING: "C:\Xilinx\Vivado\2018.3\data/verilog/src/unisims/LDCE.v" Line 169: Timing violation in scope /Control_TB/uut/FSM_inst/PCWrite_reg/TChk169_907 at time 527530 ps $width (negedge G,(0:0:0),0,notifier) 
WARNING: "C:\Xilinx\Vivado\2018.3\data/verilog/src/unisims/LDCE.v" Line 169: Timing violation in scope /Control_TB/uut/FSM_inst/PCSrc_reg[0]/TChk169_907 at time 547187 ps $width (negedge G,(0:0:0),0,notifier) 
WARNING: "C:\Xilinx\Vivado\2018.3\data/verilog/src/unisims/LDCE.v" Line 169: Timing violation in scope /Control_TB/uut/FSM_inst/IRWrite_reg/TChk169_907 at time 547327 ps $width (negedge G,(0:0:0),0,notifier) 
WARNING: "C:\Xilinx\Vivado\2018.3\data/verilog/src/unisims/LDCE.v" Line 169: Timing violation in scope /Control_TB/uut/FSM_inst/PCSrc_reg[1]/TChk169_907 at time 547356 ps $width (negedge G,(0:0:0),0,notifier) 
WARNING: "C:\Xilinx\Vivado\2018.3\data/verilog/src/unisims/LDCE.v" Line 169: Timing violation in scope /Control_TB/uut/FSM_inst/RegWrite_reg/TChk169_907 at time 547356 ps $width (negedge G,(0:0:0),0,notifier) 
WARNING: "C:\Xilinx\Vivado\2018.3\data/verilog/src/unisims/LDCE.v" Line 169: Timing violation in scope /Control_TB/uut/FSM_inst/FlagsWrite_reg/TChk169_907 at time 547396 ps $width (negedge G,(0:0:0),0,notifier) 
WARNING: "C:\Xilinx\Vivado\2018.3\data/verilog/src/unisims/LDCE.v" Line 169: Timing violation in scope /Control_TB/uut/FSM_inst/MAWrite_reg/TChk169_907 at time 547396 ps $width (negedge G,(0:0:0),0,notifier) 
WARNING: "C:\Xilinx\Vivado\2018.3\data/verilog/src/unisims/LDCE.v" Line 169: Timing violation in scope /Control_TB/uut/FSM_inst/MemWrite_reg/TChk169_907 at time 547396 ps $width (negedge G,(0:0:0),0,notifier) 
WARNING: "C:\Xilinx\Vivado\2018.3\data/verilog/src/unisims/LDCE.v" Line 169: Timing violation in scope /Control_TB/uut/FSM_inst/PCWrite_reg/TChk169_907 at time 547396 ps $width (negedge G,(0:0:0),0,notifier) 
Note: TESTS COMPLETED
Time: 650 ns  Iteration: 0  Process: /Control_TB/Stimulus_process  File: C:/Xilinx/Projects/Digital_Design_ARM_Processor/Digital_Design_ARM_Processor.srcs/sim_1/new/Control_TB.vhd
WARNING: "C:\Xilinx\Vivado\2018.3\data/verilog/src/unisims/LDCE.v" Line 169: Timing violation in scope /Control_TB/uut/FSM_inst/PCSrc_reg[0]/TChk169_907 at time 107321 ps $width (negedge G,(0:0:0),0,notifier) 
WARNING: "C:\Xilinx\Vivado\2018.3\data/verilog/src/unisims/LDCE.v" Line 169: Timing violation in scope /Control_TB/uut/FSM_inst/IRWrite_reg/TChk169_907 at time 107461 ps $width (negedge G,(0:0:0),0,notifier) 
WARNING: "C:\Xilinx\Vivado\2018.3\data/verilog/src/unisims/LDCE.v" Line 169: Timing violation in scope /Control_TB/uut/FSM_inst/PCSrc_reg[1]/TChk169_907 at time 107490 ps $width (negedge G,(0:0:0),0,notifier) 
WARNING: "C:\Xilinx\Vivado\2018.3\data/verilog/src/unisims/LDCE.v" Line 169: Timing violation in scope /Control_TB/uut/FSM_inst/RegWrite_reg/TChk169_907 at time 107490 ps $width (negedge G,(0:0:0),0,notifier) 
WARNING: "C:\Xilinx\Vivado\2018.3\data/verilog/src/unisims/LDCE.v" Line 169: Timing violation in scope /Control_TB/uut/FSM_inst/FlagsWrite_reg/TChk169_907 at time 107530 ps $width (negedge G,(0:0:0),0,notifier) 
WARNING: "C:\Xilinx\Vivado\2018.3\data/verilog/src/unisims/LDCE.v" Line 169: Timing violation in scope /Control_TB/uut/FSM_inst/MAWrite_reg/TChk169_907 at time 107530 ps $width (negedge G,(0:0:0),0,notifier) 
WARNING: "C:\Xilinx\Vivado\2018.3\data/verilog/src/unisims/LDCE.v" Line 169: Timing violation in scope /Control_TB/uut/FSM_inst/MemWrite_reg/TChk169_907 at time 107530 ps $width (negedge G,(0:0:0),0,notifier) 
WARNING: "C:\Xilinx\Vivado\2018.3\data/verilog/src/unisims/LDCE.v" Line 169: Timing violation in scope /Control_TB/uut/FSM_inst/PCWrite_reg/TChk169_907 at time 107530 ps $width (negedge G,(0:0:0),0,notifier) 
WARNING: "C:\Xilinx\Vivado\2018.3\data/verilog/src/unisims/LDCE.v" Line 169: Timing violation in scope /Control_TB/uut/FSM_inst/PCSrc_reg[0]/TChk169_907 at time 117544 ps $width (negedge G,(0:0:0),0,notifier) 
WARNING: "C:\Xilinx\Vivado\2018.3\data/verilog/src/unisims/LDCE.v" Line 169: Timing violation in scope /Control_TB/uut/FSM_inst/IRWrite_reg/TChk169_907 at time 117684 ps $width (negedge G,(0:0:0),0,notifier) 
WARNING: "C:\Xilinx\Vivado\2018.3\data/verilog/src/unisims/LDCE.v" Line 169: Timing violation in scope /Control_TB/uut/FSM_inst/PCSrc_reg[1]/TChk169_907 at time 117713 ps $width (negedge G,(0:0:0),0,notifier) 
WARNING: "C:\Xilinx\Vivado\2018.3\data/verilog/src/unisims/LDCE.v" Line 169: Timing violation in scope /Control_TB/uut/FSM_inst/RegWrite_reg/TChk169_907 at time 117713 ps $width (negedge G,(0:0:0),0,notifier) 
WARNING: "C:\Xilinx\Vivado\2018.3\data/verilog/src/unisims/LDCE.v" Line 169: Timing violation in scope /Control_TB/uut/FSM_inst/FlagsWrite_reg/TChk169_907 at time 117753 ps $width (negedge G,(0:0:0),0,notifier) 
WARNING: "C:\Xilinx\Vivado\2018.3\data/verilog/src/unisims/LDCE.v" Line 169: Timing violation in scope /Control_TB/uut/FSM_inst/MAWrite_reg/TChk169_907 at time 117753 ps $width (negedge G,(0:0:0),0,notifier) 
WARNING: "C:\Xilinx\Vivado\2018.3\data/verilog/src/unisims/LDCE.v" Line 169: Timing violation in scope /Control_TB/uut/FSM_inst/MemWrite_reg/TChk169_907 at time 117753 ps $width (negedge G,(0:0:0),0,notifier) 
WARNING: "C:\Xilinx\Vivado\2018.3\data/verilog/src/unisims/LDCE.v" Line 169: Timing violation in scope /Control_TB/uut/FSM_inst/PCWrite_reg/TChk169_907 at time 117753 ps $width (negedge G,(0:0:0),0,notifier) 
WARNING: "C:\Xilinx\Vivado\2018.3\data/verilog/src/unisims/LDCE.v" Line 169: Timing violation in scope /Control_TB/uut/FSM_inst/PCSrc_reg[0]/TChk169_907 at time 127928 ps $width (negedge G,(0:0:0),0,notifier) 
WARNING: "C:\Xilinx\Vivado\2018.3\data/verilog/src/unisims/LDCE.v" Line 169: Timing violation in scope /Control_TB/uut/FSM_inst/IRWrite_reg/TChk169_907 at time 128068 ps $width (negedge G,(0:0:0),0,notifier) 
WARNING: "C:\Xilinx\Vivado\2018.3\data/verilog/src/unisims/LDCE.v" Line 169: Timing violation in scope /Control_TB/uut/FSM_inst/PCSrc_reg[1]/TChk169_907 at time 128097 ps $width (negedge G,(0:0:0),0,notifier) 
WARNING: "C:\Xilinx\Vivado\2018.3\data/verilog/src/unisims/LDCE.v" Line 169: Timing violation in scope /Control_TB/uut/FSM_inst/RegWrite_reg/TChk169_907 at time 128097 ps $width (negedge G,(0:0:0),0,notifier) 
WARNING: "C:\Xilinx\Vivado\2018.3\data/verilog/src/unisims/LDCE.v" Line 169: Timing violation in scope /Control_TB/uut/FSM_inst/FlagsWrite_reg/TChk169_907 at time 128137 ps $width (negedge G,(0:0:0),0,notifier) 
WARNING: "C:\Xilinx\Vivado\2018.3\data/verilog/src/unisims/LDCE.v" Line 169: Timing violation in scope /Control_TB/uut/FSM_inst/MAWrite_reg/TChk169_907 at time 128137 ps $width (negedge G,(0:0:0),0,notifier) 
WARNING: "C:\Xilinx\Vivado\2018.3\data/verilog/src/unisims/LDCE.v" Line 169: Timing violation in scope /Control_TB/uut/FSM_inst/MemWrite_reg/TChk169_907 at time 128137 ps $width (negedge G,(0:0:0),0,notifier) 
WARNING: "C:\Xilinx\Vivado\2018.3\data/verilog/src/unisims/LDCE.v" Line 169: Timing violation in scope /Control_TB/uut/FSM_inst/PCWrite_reg/TChk169_907 at time 128137 ps $width (negedge G,(0:0:0),0,notifier) 
WARNING: "C:\Xilinx\Vivado\2018.3\data/verilog/src/unisims/LDCE.v" Line 169: Timing violation in scope /Control_TB/uut/FSM_inst/PCSrc_reg[0]/TChk169_907 at time 157321 ps $width (negedge G,(0:0:0),0,notifier) 
WARNING: "C:\Xilinx\Vivado\2018.3\data/verilog/src/unisims/LDCE.v" Line 169: Timing violation in scope /Control_TB/uut/FSM_inst/IRWrite_reg/TChk169_907 at time 157461 ps $width (negedge G,(0:0:0),0,notifier) 
WARNING: "C:\Xilinx\Vivado\2018.3\data/verilog/src/unisims/LDCE.v" Line 169: Timing violation in scope /Control_TB/uut/FSM_inst/PCSrc_reg[1]/TChk169_907 at time 157490 ps $width (negedge G,(0:0:0),0,notifier) 
WARNING: "C:\Xilinx\Vivado\2018.3\data/verilog/src/unisims/LDCE.v" Line 169: Timing violation in scope /Control_TB/uut/FSM_inst/RegWrite_reg/TChk169_907 at time 157490 ps $width (negedge G,(0:0:0),0,notifier) 
WARNING: "C:\Xilinx\Vivado\2018.3\data/verilog/src/unisims/LDCE.v" Line 169: Timing violation in scope /Control_TB/uut/FSM_inst/FlagsWrite_reg/TChk169_907 at time 157530 ps $width (negedge G,(0:0:0),0,notifier) 
WARNING: "C:\Xilinx\Vivado\2018.3\data/verilog/src/unisims/LDCE.v" Line 169: Timing violation in scope /Control_TB/uut/FSM_inst/MAWrite_reg/TChk169_907 at time 157530 ps $width (negedge G,(0:0:0),0,notifier) 
WARNING: "C:\Xilinx\Vivado\2018.3\data/verilog/src/unisims/LDCE.v" Line 169: Timing violation in scope /Control_TB/uut/FSM_inst/MemWrite_reg/TChk169_907 at time 157530 ps $width (negedge G,(0:0:0),0,notifier) 
WARNING: "C:\Xilinx\Vivado\2018.3\data/verilog/src/unisims/LDCE.v" Line 169: Timing violation in scope /Control_TB/uut/FSM_inst/PCWrite_reg/TChk169_907 at time 157530 ps $width (negedge G,(0:0:0),0,notifier) 
WARNING: "C:\Xilinx\Vivado\2018.3\data/verilog/src/unisims/LDCE.v" Line 169: Timing violation in scope /Control_TB/uut/FSM_inst/PCSrc_reg[0]/TChk169_907 at time 167544 ps $width (negedge G,(0:0:0),0,notifier) 
WARNING: "C:\Xilinx\Vivado\2018.3\data/verilog/src/unisims/LDCE.v" Line 169: Timing violation in scope /Control_TB/uut/FSM_inst/IRWrite_reg/TChk169_907 at time 167684 ps $width (negedge G,(0:0:0),0,notifier) 
WARNING: "C:\Xilinx\Vivado\2018.3\data/verilog/src/unisims/LDCE.v" Line 169: Timing violation in scope /Control_TB/uut/FSM_inst/PCSrc_reg[1]/TChk169_907 at time 167713 ps $width (negedge G,(0:0:0),0,notifier) 
WARNING: "C:\Xilinx\Vivado\2018.3\data/verilog/src/unisims/LDCE.v" Line 169: Timing violation in scope /Control_TB/uut/FSM_inst/RegWrite_reg/TChk169_907 at time 167713 ps $width (negedge G,(0:0:0),0,notifier) 
WARNING: "C:\Xilinx\Vivado\2018.3\data/verilog/src/unisims/LDCE.v" Line 169: Timing violation in scope /Control_TB/uut/FSM_inst/FlagsWrite_reg/TChk169_907 at time 167753 ps $width (negedge G,(0:0:0),0,notifier) 
WARNING: "C:\Xilinx\Vivado\2018.3\data/verilog/src/unisims/LDCE.v" Line 169: Timing violation in scope /Control_TB/uut/FSM_inst/MAWrite_reg/TChk169_907 at time 167753 ps $width (negedge G,(0:0:0),0,notifier) 
WARNING: "C:\Xilinx\Vivado\2018.3\data/verilog/src/unisims/LDCE.v" Line 169: Timing violation in scope /Control_TB/uut/FSM_inst/MemWrite_reg/TChk169_907 at time 167753 ps $width (negedge G,(0:0:0),0,notifier) 
WARNING: "C:\Xilinx\Vivado\2018.3\data/verilog/src/unisims/LDCE.v" Line 169: Timing violation in scope /Control_TB/uut/FSM_inst/PCWrite_reg/TChk169_907 at time 167753 ps $width (negedge G,(0:0:0),0,notifier) 
WARNING: "C:\Xilinx\Vivado\2018.3\data/verilog/src/unisims/LDCE.v" Line 169: Timing violation in scope /Control_TB/uut/FSM_inst/PCSrc_reg[0]/TChk169_907 at time 177928 ps $width (negedge G,(0:0:0),0,notifier) 
WARNING: "C:\Xilinx\Vivado\2018.3\data/verilog/src/unisims/LDCE.v" Line 169: Timing violation in scope /Control_TB/uut/FSM_inst/IRWrite_reg/TChk169_907 at time 178068 ps $width (negedge G,(0:0:0),0,notifier) 
WARNING: "C:\Xilinx\Vivado\2018.3\data/verilog/src/unisims/LDCE.v" Line 169: Timing violation in scope /Control_TB/uut/FSM_inst/PCSrc_reg[1]/TChk169_907 at time 178097 ps $width (negedge G,(0:0:0),0,notifier) 
WARNING: "C:\Xilinx\Vivado\2018.3\data/verilog/src/unisims/LDCE.v" Line 169: Timing violation in scope /Control_TB/uut/FSM_inst/RegWrite_reg/TChk169_907 at time 178097 ps $width (negedge G,(0:0:0),0,notifier) 
WARNING: "C:\Xilinx\Vivado\2018.3\data/verilog/src/unisims/LDCE.v" Line 169: Timing violation in scope /Control_TB/uut/FSM_inst/FlagsWrite_reg/TChk169_907 at time 178137 ps $width (negedge G,(0:0:0),0,notifier) 
WARNING: "C:\Xilinx\Vivado\2018.3\data/verilog/src/unisims/LDCE.v" Line 169: Timing violation in scope /Control_TB/uut/FSM_inst/MAWrite_reg/TChk169_907 at time 178137 ps $width (negedge G,(0:0:0),0,notifier) 
WARNING: "C:\Xilinx\Vivado\2018.3\data/verilog/src/unisims/LDCE.v" Line 169: Timing violation in scope /Control_TB/uut/FSM_inst/MemWrite_reg/TChk169_907 at time 178137 ps $width (negedge G,(0:0:0),0,notifier) 
WARNING: "C:\Xilinx\Vivado\2018.3\data/verilog/src/unisims/LDCE.v" Line 169: Timing violation in scope /Control_TB/uut/FSM_inst/PCWrite_reg/TChk169_907 at time 178137 ps $width (negedge G,(0:0:0),0,notifier) 
WARNING: "C:\Xilinx\Vivado\2018.3\data/verilog/src/unisims/LDCE.v" Line 169: Timing violation in scope /Control_TB/uut/FSM_inst/PCSrc_reg[0]/TChk169_907 at time 207321 ps $width (negedge G,(0:0:0),0,notifier) 
WARNING: "C:\Xilinx\Vivado\2018.3\data/verilog/src/unisims/LDCE.v" Line 169: Timing violation in scope /Control_TB/uut/FSM_inst/IRWrite_reg/TChk169_907 at time 207461 ps $width (negedge G,(0:0:0),0,notifier) 
WARNING: "C:\Xilinx\Vivado\2018.3\data/verilog/src/unisims/LDCE.v" Line 169: Timing violation in scope /Control_TB/uut/FSM_inst/PCSrc_reg[1]/TChk169_907 at time 207490 ps $width (negedge G,(0:0:0),0,notifier) 
WARNING: "C:\Xilinx\Vivado\2018.3\data/verilog/src/unisims/LDCE.v" Line 169: Timing violation in scope /Control_TB/uut/FSM_inst/RegWrite_reg/TChk169_907 at time 207490 ps $width (negedge G,(0:0:0),0,notifier) 
WARNING: "C:\Xilinx\Vivado\2018.3\data/verilog/src/unisims/LDCE.v" Line 169: Timing violation in scope /Control_TB/uut/FSM_inst/FlagsWrite_reg/TChk169_907 at time 207530 ps $width (negedge G,(0:0:0),0,notifier) 
WARNING: "C:\Xilinx\Vivado\2018.3\data/verilog/src/unisims/LDCE.v" Line 169: Timing violation in scope /Control_TB/uut/FSM_inst/MAWrite_reg/TChk169_907 at time 207530 ps $width (negedge G,(0:0:0),0,notifier) 
WARNING: "C:\Xilinx\Vivado\2018.3\data/verilog/src/unisims/LDCE.v" Line 169: Timing violation in scope /Control_TB/uut/FSM_inst/MemWrite_reg/TChk169_907 at time 207530 ps $width (negedge G,(0:0:0),0,notifier) 
WARNING: "C:\Xilinx\Vivado\2018.3\data/verilog/src/unisims/LDCE.v" Line 169: Timing violation in scope /Control_TB/uut/FSM_inst/PCWrite_reg/TChk169_907 at time 207530 ps $width (negedge G,(0:0:0),0,notifier) 
WARNING: "C:\Xilinx\Vivado\2018.3\data/verilog/src/unisims/LDCE.v" Line 169: Timing violation in scope /Control_TB/uut/FSM_inst/PCSrc_reg[0]/TChk169_907 at time 247321 ps $width (negedge G,(0:0:0),0,notifier) 
WARNING: "C:\Xilinx\Vivado\2018.3\data/verilog/src/unisims/LDCE.v" Line 169: Timing violation in scope /Control_TB/uut/FSM_inst/IRWrite_reg/TChk169_907 at time 247461 ps $width (negedge G,(0:0:0),0,notifier) 
WARNING: "C:\Xilinx\Vivado\2018.3\data/verilog/src/unisims/LDCE.v" Line 169: Timing violation in scope /Control_TB/uut/FSM_inst/PCSrc_reg[1]/TChk169_907 at time 247490 ps $width (negedge G,(0:0:0),0,notifier) 
WARNING: "C:\Xilinx\Vivado\2018.3\data/verilog/src/unisims/LDCE.v" Line 169: Timing violation in scope /Control_TB/uut/FSM_inst/RegWrite_reg/TChk169_907 at time 247490 ps $width (negedge G,(0:0:0),0,notifier) 
WARNING: "C:\Xilinx\Vivado\2018.3\data/verilog/src/unisims/LDCE.v" Line 169: Timing violation in scope /Control_TB/uut/FSM_inst/FlagsWrite_reg/TChk169_907 at time 247530 ps $width (negedge G,(0:0:0),0,notifier) 
WARNING: "C:\Xilinx\Vivado\2018.3\data/verilog/src/unisims/LDCE.v" Line 169: Timing violation in scope /Control_TB/uut/FSM_inst/MAWrite_reg/TChk169_907 at time 247530 ps $width (negedge G,(0:0:0),0,notifier) 
WARNING: "C:\Xilinx\Vivado\2018.3\data/verilog/src/unisims/LDCE.v" Line 169: Timing violation in scope /Control_TB/uut/FSM_inst/MemWrite_reg/TChk169_907 at time 247530 ps $width (negedge G,(0:0:0),0,notifier) 
WARNING: "C:\Xilinx\Vivado\2018.3\data/verilog/src/unisims/LDCE.v" Line 169: Timing violation in scope /Control_TB/uut/FSM_inst/PCWrite_reg/TChk169_907 at time 247530 ps $width (negedge G,(0:0:0),0,notifier) 
WARNING: "C:\Xilinx\Vivado\2018.3\data/verilog/src/unisims/LDCE.v" Line 169: Timing violation in scope /Control_TB/uut/FSM_inst/PCSrc_reg[0]/TChk169_907 at time 287321 ps $width (negedge G,(0:0:0),0,notifier) 
WARNING: "C:\Xilinx\Vivado\2018.3\data/verilog/src/unisims/LDCE.v" Line 169: Timing violation in scope /Control_TB/uut/FSM_inst/IRWrite_reg/TChk169_907 at time 287461 ps $width (negedge G,(0:0:0),0,notifier) 
WARNING: "C:\Xilinx\Vivado\2018.3\data/verilog/src/unisims/LDCE.v" Line 169: Timing violation in scope /Control_TB/uut/FSM_inst/PCSrc_reg[1]/TChk169_907 at time 287490 ps $width (negedge G,(0:0:0),0,notifier) 
WARNING: "C:\Xilinx\Vivado\2018.3\data/verilog/src/unisims/LDCE.v" Line 169: Timing violation in scope /Control_TB/uut/FSM_inst/RegWrite_reg/TChk169_907 at time 287490 ps $width (negedge G,(0:0:0),0,notifier) 
WARNING: "C:\Xilinx\Vivado\2018.3\data/verilog/src/unisims/LDCE.v" Line 169: Timing violation in scope /Control_TB/uut/FSM_inst/FlagsWrite_reg/TChk169_907 at time 287530 ps $width (negedge G,(0:0:0),0,notifier) 
WARNING: "C:\Xilinx\Vivado\2018.3\data/verilog/src/unisims/LDCE.v" Line 169: Timing violation in scope /Control_TB/uut/FSM_inst/MAWrite_reg/TChk169_907 at time 287530 ps $width (negedge G,(0:0:0),0,notifier) 
WARNING: "C:\Xilinx\Vivado\2018.3\data/verilog/src/unisims/LDCE.v" Line 169: Timing violation in scope /Control_TB/uut/FSM_inst/MemWrite_reg/TChk169_907 at time 287530 ps $width (negedge G,(0:0:0),0,notifier) 
WARNING: "C:\Xilinx\Vivado\2018.3\data/verilog/src/unisims/LDCE.v" Line 169: Timing violation in scope /Control_TB/uut/FSM_inst/PCWrite_reg/TChk169_907 at time 287530 ps $width (negedge G,(0:0:0),0,notifier) 
WARNING: "C:\Xilinx\Vivado\2018.3\data/verilog/src/unisims/LDCE.v" Line 169: Timing violation in scope /Control_TB/uut/FSM_inst/PCSrc_reg[0]/TChk169_907 at time 327321 ps $width (negedge G,(0:0:0),0,notifier) 
WARNING: "C:\Xilinx\Vivado\2018.3\data/verilog/src/unisims/LDCE.v" Line 169: Timing violation in scope /Control_TB/uut/FSM_inst/IRWrite_reg/TChk169_907 at time 327461 ps $width (negedge G,(0:0:0),0,notifier) 
WARNING: "C:\Xilinx\Vivado\2018.3\data/verilog/src/unisims/LDCE.v" Line 169: Timing violation in scope /Control_TB/uut/FSM_inst/PCSrc_reg[1]/TChk169_907 at time 327490 ps $width (negedge G,(0:0:0),0,notifier) 
WARNING: "C:\Xilinx\Vivado\2018.3\data/verilog/src/unisims/LDCE.v" Line 169: Timing violation in scope /Control_TB/uut/FSM_inst/RegWrite_reg/TChk169_907 at time 327490 ps $width (negedge G,(0:0:0),0,notifier) 
WARNING: "C:\Xilinx\Vivado\2018.3\data/verilog/src/unisims/LDCE.v" Line 169: Timing violation in scope /Control_TB/uut/FSM_inst/FlagsWrite_reg/TChk169_907 at time 327530 ps $width (negedge G,(0:0:0),0,notifier) 
WARNING: "C:\Xilinx\Vivado\2018.3\data/verilog/src/unisims/LDCE.v" Line 169: Timing violation in scope /Control_TB/uut/FSM_inst/MAWrite_reg/TChk169_907 at time 327530 ps $width (negedge G,(0:0:0),0,notifier) 
WARNING: "C:\Xilinx\Vivado\2018.3\data/verilog/src/unisims/LDCE.v" Line 169: Timing violation in scope /Control_TB/uut/FSM_inst/MemWrite_reg/TChk169_907 at time 327530 ps $width (negedge G,(0:0:0),0,notifier) 
WARNING: "C:\Xilinx\Vivado\2018.3\data/verilog/src/unisims/LDCE.v" Line 169: Timing violation in scope /Control_TB/uut/FSM_inst/PCWrite_reg/TChk169_907 at time 327530 ps $width (negedge G,(0:0:0),0,notifier) 
WARNING: "C:\Xilinx\Vivado\2018.3\data/verilog/src/unisims/LDCE.v" Line 169: Timing violation in scope /Control_TB/uut/FSM_inst/PCSrc_reg[0]/TChk169_907 at time 367321 ps $width (negedge G,(0:0:0),0,notifier) 
WARNING: "C:\Xilinx\Vivado\2018.3\data/verilog/src/unisims/LDCE.v" Line 169: Timing violation in scope /Control_TB/uut/FSM_inst/IRWrite_reg/TChk169_907 at time 367461 ps $width (negedge G,(0:0:0),0,notifier) 
WARNING: "C:\Xilinx\Vivado\2018.3\data/verilog/src/unisims/LDCE.v" Line 169: Timing violation in scope /Control_TB/uut/FSM_inst/PCSrc_reg[1]/TChk169_907 at time 367490 ps $width (negedge G,(0:0:0),0,notifier) 
WARNING: "C:\Xilinx\Vivado\2018.3\data/verilog/src/unisims/LDCE.v" Line 169: Timing violation in scope /Control_TB/uut/FSM_inst/RegWrite_reg/TChk169_907 at time 367490 ps $width (negedge G,(0:0:0),0,notifier) 
WARNING: "C:\Xilinx\Vivado\2018.3\data/verilog/src/unisims/LDCE.v" Line 169: Timing violation in scope /Control_TB/uut/FSM_inst/FlagsWrite_reg/TChk169_907 at time 367530 ps $width (negedge G,(0:0:0),0,notifier) 
WARNING: "C:\Xilinx\Vivado\2018.3\data/verilog/src/unisims/LDCE.v" Line 169: Timing violation in scope /Control_TB/uut/FSM_inst/MAWrite_reg/TChk169_907 at time 367530 ps $width (negedge G,(0:0:0),0,notifier) 
WARNING: "C:\Xilinx\Vivado\2018.3\data/verilog/src/unisims/LDCE.v" Line 169: Timing violation in scope /Control_TB/uut/FSM_inst/MemWrite_reg/TChk169_907 at time 367530 ps $width (negedge G,(0:0:0),0,notifier) 
WARNING: "C:\Xilinx\Vivado\2018.3\data/verilog/src/unisims/LDCE.v" Line 169: Timing violation in scope /Control_TB/uut/FSM_inst/PCWrite_reg/TChk169_907 at time 367530 ps $width (negedge G,(0:0:0),0,notifier) 
WARNING: "C:\Xilinx\Vivado\2018.3\data/verilog/src/unisims/LDCE.v" Line 169: Timing violation in scope /Control_TB/uut/FSM_inst/PCSrc_reg[0]/TChk169_907 at time 397321 ps $width (negedge G,(0:0:0),0,notifier) 
WARNING: "C:\Xilinx\Vivado\2018.3\data/verilog/src/unisims/LDCE.v" Line 169: Timing violation in scope /Control_TB/uut/FSM_inst/IRWrite_reg/TChk169_907 at time 397461 ps $width (negedge G,(0:0:0),0,notifier) 
WARNING: "C:\Xilinx\Vivado\2018.3\data/verilog/src/unisims/LDCE.v" Line 169: Timing violation in scope /Control_TB/uut/FSM_inst/PCSrc_reg[1]/TChk169_907 at time 397490 ps $width (negedge G,(0:0:0),0,notifier) 
WARNING: "C:\Xilinx\Vivado\2018.3\data/verilog/src/unisims/LDCE.v" Line 169: Timing violation in scope /Control_TB/uut/FSM_inst/RegWrite_reg/TChk169_907 at time 397490 ps $width (negedge G,(0:0:0),0,notifier) 
WARNING: "C:\Xilinx\Vivado\2018.3\data/verilog/src/unisims/LDCE.v" Line 169: Timing violation in scope /Control_TB/uut/FSM_inst/FlagsWrite_reg/TChk169_907 at time 397530 ps $width (negedge G,(0:0:0),0,notifier) 
WARNING: "C:\Xilinx\Vivado\2018.3\data/verilog/src/unisims/LDCE.v" Line 169: Timing violation in scope /Control_TB/uut/FSM_inst/MAWrite_reg/TChk169_907 at time 397530 ps $width (negedge G,(0:0:0),0,notifier) 
WARNING: "C:\Xilinx\Vivado\2018.3\data/verilog/src/unisims/LDCE.v" Line 169: Timing violation in scope /Control_TB/uut/FSM_inst/MemWrite_reg/TChk169_907 at time 397530 ps $width (negedge G,(0:0:0),0,notifier) 
WARNING: "C:\Xilinx\Vivado\2018.3\data/verilog/src/unisims/LDCE.v" Line 169: Timing violation in scope /Control_TB/uut/FSM_inst/PCWrite_reg/TChk169_907 at time 397530 ps $width (negedge G,(0:0:0),0,notifier) 
WARNING: "C:\Xilinx\Vivado\2018.3\data/verilog/src/unisims/LDCE.v" Line 169: Timing violation in scope /Control_TB/uut/FSM_inst/PCSrc_reg[0]/TChk169_907 at time 427321 ps $width (negedge G,(0:0:0),0,notifier) 
WARNING: "C:\Xilinx\Vivado\2018.3\data/verilog/src/unisims/LDCE.v" Line 169: Timing violation in scope /Control_TB/uut/FSM_inst/IRWrite_reg/TChk169_907 at time 427461 ps $width (negedge G,(0:0:0),0,notifier) 
WARNING: "C:\Xilinx\Vivado\2018.3\data/verilog/src/unisims/LDCE.v" Line 169: Timing violation in scope /Control_TB/uut/FSM_inst/PCSrc_reg[1]/TChk169_907 at time 427490 ps $width (negedge G,(0:0:0),0,notifier) 
WARNING: "C:\Xilinx\Vivado\2018.3\data/verilog/src/unisims/LDCE.v" Line 169: Timing violation in scope /Control_TB/uut/FSM_inst/RegWrite_reg/TChk169_907 at time 427490 ps $width (negedge G,(0:0:0),0,notifier) 
WARNING: "C:\Xilinx\Vivado\2018.3\data/verilog/src/unisims/LDCE.v" Line 169: Timing violation in scope /Control_TB/uut/FSM_inst/FlagsWrite_reg/TChk169_907 at time 427530 ps $width (negedge G,(0:0:0),0,notifier) 
WARNING: "C:\Xilinx\Vivado\2018.3\data/verilog/src/unisims/LDCE.v" Line 169: Timing violation in scope /Control_TB/uut/FSM_inst/MAWrite_reg/TChk169_907 at time 427530 ps $width (negedge G,(0:0:0),0,notifier) 
WARNING: "C:\Xilinx\Vivado\2018.3\data/verilog/src/unisims/LDCE.v" Line 169: Timing violation in scope /Control_TB/uut/FSM_inst/MemWrite_reg/TChk169_907 at time 427530 ps $width (negedge G,(0:0:0),0,notifier) 
WARNING: "C:\Xilinx\Vivado\2018.3\data/verilog/src/unisims/LDCE.v" Line 169: Timing violation in scope /Control_TB/uut/FSM_inst/PCWrite_reg/TChk169_907 at time 427530 ps $width (negedge G,(0:0:0),0,notifier) 
WARNING: "C:\Xilinx\Vivado\2018.3\data/verilog/src/unisims/LDCE.v" Line 169: Timing violation in scope /Control_TB/uut/FSM_inst/PCSrc_reg[0]/TChk169_907 at time 457321 ps $width (negedge G,(0:0:0),0,notifier) 
WARNING: "C:\Xilinx\Vivado\2018.3\data/verilog/src/unisims/LDCE.v" Line 169: Timing violation in scope /Control_TB/uut/FSM_inst/IRWrite_reg/TChk169_907 at time 457461 ps $width (negedge G,(0:0:0),0,notifier) 
WARNING: "C:\Xilinx\Vivado\2018.3\data/verilog/src/unisims/LDCE.v" Line 169: Timing violation in scope /Control_TB/uut/FSM_inst/PCSrc_reg[1]/TChk169_907 at time 457490 ps $width (negedge G,(0:0:0),0,notifier) 
WARNING: "C:\Xilinx\Vivado\2018.3\data/verilog/src/unisims/LDCE.v" Line 169: Timing violation in scope /Control_TB/uut/FSM_inst/RegWrite_reg/TChk169_907 at time 457490 ps $width (negedge G,(0:0:0),0,notifier) 
WARNING: "C:\Xilinx\Vivado\2018.3\data/verilog/src/unisims/LDCE.v" Line 169: Timing violation in scope /Control_TB/uut/FSM_inst/FlagsWrite_reg/TChk169_907 at time 457530 ps $width (negedge G,(0:0:0),0,notifier) 
WARNING: "C:\Xilinx\Vivado\2018.3\data/verilog/src/unisims/LDCE.v" Line 169: Timing violation in scope /Control_TB/uut/FSM_inst/MAWrite_reg/TChk169_907 at time 457530 ps $width (negedge G,(0:0:0),0,notifier) 
WARNING: "C:\Xilinx\Vivado\2018.3\data/verilog/src/unisims/LDCE.v" Line 169: Timing violation in scope /Control_TB/uut/FSM_inst/MemWrite_reg/TChk169_907 at time 457530 ps $width (negedge G,(0:0:0),0,notifier) 
WARNING: "C:\Xilinx\Vivado\2018.3\data/verilog/src/unisims/LDCE.v" Line 169: Timing violation in scope /Control_TB/uut/FSM_inst/PCWrite_reg/TChk169_907 at time 457530 ps $width (negedge G,(0:0:0),0,notifier) 
WARNING: "C:\Xilinx\Vivado\2018.3\data/verilog/src/unisims/LDCE.v" Line 169: Timing violation in scope /Control_TB/uut/FSM_inst/PCSrc_reg[0]/TChk169_907 at time 467805 ps $width (negedge G,(0:0:0),0,notifier) 
WARNING: "C:\Xilinx\Vivado\2018.3\data/verilog/src/unisims/LDCE.v" Line 169: Timing violation in scope /Control_TB/uut/FSM_inst/IRWrite_reg/TChk169_907 at time 467945 ps $width (negedge G,(0:0:0),0,notifier) 
WARNING: "C:\Xilinx\Vivado\2018.3\data/verilog/src/unisims/LDCE.v" Line 169: Timing violation in scope /Control_TB/uut/FSM_inst/PCSrc_reg[1]/TChk169_907 at time 467974 ps $width (negedge G,(0:0:0),0,notifier) 
WARNING: "C:\Xilinx\Vivado\2018.3\data/verilog/src/unisims/LDCE.v" Line 169: Timing violation in scope /Control_TB/uut/FSM_inst/RegWrite_reg/TChk169_907 at time 467974 ps $width (negedge G,(0:0:0),0,notifier) 
WARNING: "C:\Xilinx\Vivado\2018.3\data/verilog/src/unisims/LDCE.v" Line 169: Timing violation in scope /Control_TB/uut/FSM_inst/FlagsWrite_reg/TChk169_907 at time 468014 ps $width (negedge G,(0:0:0),0,notifier) 
WARNING: "C:\Xilinx\Vivado\2018.3\data/verilog/src/unisims/LDCE.v" Line 169: Timing violation in scope /Control_TB/uut/FSM_inst/MAWrite_reg/TChk169_907 at time 468014 ps $width (negedge G,(0:0:0),0,notifier) 
WARNING: "C:\Xilinx\Vivado\2018.3\data/verilog/src/unisims/LDCE.v" Line 169: Timing violation in scope /Control_TB/uut/FSM_inst/MemWrite_reg/TChk169_907 at time 468014 ps $width (negedge G,(0:0:0),0,notifier) 
WARNING: "C:\Xilinx\Vivado\2018.3\data/verilog/src/unisims/LDCE.v" Line 169: Timing violation in scope /Control_TB/uut/FSM_inst/PCWrite_reg/TChk169_907 at time 468014 ps $width (negedge G,(0:0:0),0,notifier) 
WARNING: "C:\Xilinx\Vivado\2018.3\data/verilog/src/unisims/LDCE.v" Line 169: Timing violation in scope /Control_TB/uut/FSM_inst/PCSrc_reg[0]/TChk169_907 at time 487321 ps $width (negedge G,(0:0:0),0,notifier) 
WARNING: "C:\Xilinx\Vivado\2018.3\data/verilog/src/unisims/LDCE.v" Line 169: Timing violation in scope /Control_TB/uut/FSM_inst/IRWrite_reg/TChk169_907 at time 487461 ps $width (negedge G,(0:0:0),0,notifier) 
WARNING: "C:\Xilinx\Vivado\2018.3\data/verilog/src/unisims/LDCE.v" Line 169: Timing violation in scope /Control_TB/uut/FSM_inst/PCSrc_reg[1]/TChk169_907 at time 487490 ps $width (negedge G,(0:0:0),0,notifier) 
WARNING: "C:\Xilinx\Vivado\2018.3\data/verilog/src/unisims/LDCE.v" Line 169: Timing violation in scope /Control_TB/uut/FSM_inst/RegWrite_reg/TChk169_907 at time 487490 ps $width (negedge G,(0:0:0),0,notifier) 
WARNING: "C:\Xilinx\Vivado\2018.3\data/verilog/src/unisims/LDCE.v" Line 169: Timing violation in scope /Control_TB/uut/FSM_inst/FlagsWrite_reg/TChk169_907 at time 487530 ps $width (negedge G,(0:0:0),0,notifier) 
WARNING: "C:\Xilinx\Vivado\2018.3\data/verilog/src/unisims/LDCE.v" Line 169: Timing violation in scope /Control_TB/uut/FSM_inst/MAWrite_reg/TChk169_907 at time 487530 ps $width (negedge G,(0:0:0),0,notifier) 
WARNING: "C:\Xilinx\Vivado\2018.3\data/verilog/src/unisims/LDCE.v" Line 169: Timing violation in scope /Control_TB/uut/FSM_inst/MemWrite_reg/TChk169_907 at time 487530 ps $width (negedge G,(0:0:0),0,notifier) 
WARNING: "C:\Xilinx\Vivado\2018.3\data/verilog/src/unisims/LDCE.v" Line 169: Timing violation in scope /Control_TB/uut/FSM_inst/PCWrite_reg/TChk169_907 at time 487530 ps $width (negedge G,(0:0:0),0,notifier) 
WARNING: "C:\Xilinx\Vivado\2018.3\data/verilog/src/unisims/LDCE.v" Line 169: Timing violation in scope /Control_TB/uut/FSM_inst/PCSrc_reg[0]/TChk169_907 at time 497544 ps $width (negedge G,(0:0:0),0,notifier) 
WARNING: "C:\Xilinx\Vivado\2018.3\data/verilog/src/unisims/LDCE.v" Line 169: Timing violation in scope /Control_TB/uut/FSM_inst/IRWrite_reg/TChk169_907 at time 497684 ps $width (negedge G,(0:0:0),0,notifier) 
WARNING: "C:\Xilinx\Vivado\2018.3\data/verilog/src/unisims/LDCE.v" Line 169: Timing violation in scope /Control_TB/uut/FSM_inst/PCSrc_reg[1]/TChk169_907 at time 497713 ps $width (negedge G,(0:0:0),0,notifier) 
WARNING: "C:\Xilinx\Vivado\2018.3\data/verilog/src/unisims/LDCE.v" Line 169: Timing violation in scope /Control_TB/uut/FSM_inst/RegWrite_reg/TChk169_907 at time 497713 ps $width (negedge G,(0:0:0),0,notifier) 
WARNING: "C:\Xilinx\Vivado\2018.3\data/verilog/src/unisims/LDCE.v" Line 169: Timing violation in scope /Control_TB/uut/FSM_inst/FlagsWrite_reg/TChk169_907 at time 497753 ps $width (negedge G,(0:0:0),0,notifier) 
WARNING: "C:\Xilinx\Vivado\2018.3\data/verilog/src/unisims/LDCE.v" Line 169: Timing violation in scope /Control_TB/uut/FSM_inst/MAWrite_reg/TChk169_907 at time 497753 ps $width (negedge G,(0:0:0),0,notifier) 
WARNING: "C:\Xilinx\Vivado\2018.3\data/verilog/src/unisims/LDCE.v" Line 169: Timing violation in scope /Control_TB/uut/FSM_inst/MemWrite_reg/TChk169_907 at time 497753 ps $width (negedge G,(0:0:0),0,notifier) 
WARNING: "C:\Xilinx\Vivado\2018.3\data/verilog/src/unisims/LDCE.v" Line 169: Timing violation in scope /Control_TB/uut/FSM_inst/PCWrite_reg/TChk169_907 at time 497753 ps $width (negedge G,(0:0:0),0,notifier) 
WARNING: "C:\Xilinx\Vivado\2018.3\data/verilog/src/unisims/LDCE.v" Line 169: Timing violation in scope /Control_TB/uut/FSM_inst/PCSrc_reg[0]/TChk169_907 at time 527321 ps $width (negedge G,(0:0:0),0,notifier) 
WARNING: "C:\Xilinx\Vivado\2018.3\data/verilog/src/unisims/LDCE.v" Line 169: Timing violation in scope /Control_TB/uut/FSM_inst/IRWrite_reg/TChk169_907 at time 527461 ps $width (negedge G,(0:0:0),0,notifier) 
WARNING: "C:\Xilinx\Vivado\2018.3\data/verilog/src/unisims/LDCE.v" Line 169: Timing violation in scope /Control_TB/uut/FSM_inst/PCSrc_reg[1]/TChk169_907 at time 527490 ps $width (negedge G,(0:0:0),0,notifier) 
WARNING: "C:\Xilinx\Vivado\2018.3\data/verilog/src/unisims/LDCE.v" Line 169: Timing violation in scope /Control_TB/uut/FSM_inst/RegWrite_reg/TChk169_907 at time 527490 ps $width (negedge G,(0:0:0),0,notifier) 
WARNING: "C:\Xilinx\Vivado\2018.3\data/verilog/src/unisims/LDCE.v" Line 169: Timing violation in scope /Control_TB/uut/FSM_inst/FlagsWrite_reg/TChk169_907 at time 527530 ps $width (negedge G,(0:0:0),0,notifier) 
WARNING: "C:\Xilinx\Vivado\2018.3\data/verilog/src/unisims/LDCE.v" Line 169: Timing violation in scope /Control_TB/uut/FSM_inst/MAWrite_reg/TChk169_907 at time 527530 ps $width (negedge G,(0:0:0),0,notifier) 
WARNING: "C:\Xilinx\Vivado\2018.3\data/verilog/src/unisims/LDCE.v" Line 169: Timing violation in scope /Control_TB/uut/FSM_inst/MemWrite_reg/TChk169_907 at time 527530 ps $width (negedge G,(0:0:0),0,notifier) 
WARNING: "C:\Xilinx\Vivado\2018.3\data/verilog/src/unisims/LDCE.v" Line 169: Timing violation in scope /Control_TB/uut/FSM_inst/PCWrite_reg/TChk169_907 at time 527530 ps $width (negedge G,(0:0:0),0,notifier) 
WARNING: "C:\Xilinx\Vivado\2018.3\data/verilog/src/unisims/LDCE.v" Line 169: Timing violation in scope /Control_TB/uut/FSM_inst/PCSrc_reg[0]/TChk169_907 at time 547187 ps $width (negedge G,(0:0:0),0,notifier) 
WARNING: "C:\Xilinx\Vivado\2018.3\data/verilog/src/unisims/LDCE.v" Line 169: Timing violation in scope /Control_TB/uut/FSM_inst/IRWrite_reg/TChk169_907 at time 547327 ps $width (negedge G,(0:0:0),0,notifier) 
WARNING: "C:\Xilinx\Vivado\2018.3\data/verilog/src/unisims/LDCE.v" Line 169: Timing violation in scope /Control_TB/uut/FSM_inst/PCSrc_reg[1]/TChk169_907 at time 547356 ps $width (negedge G,(0:0:0),0,notifier) 
WARNING: "C:\Xilinx\Vivado\2018.3\data/verilog/src/unisims/LDCE.v" Line 169: Timing violation in scope /Control_TB/uut/FSM_inst/RegWrite_reg/TChk169_907 at time 547356 ps $width (negedge G,(0:0:0),0,notifier) 
WARNING: "C:\Xilinx\Vivado\2018.3\data/verilog/src/unisims/LDCE.v" Line 169: Timing violation in scope /Control_TB/uut/FSM_inst/FlagsWrite_reg/TChk169_907 at time 547396 ps $width (negedge G,(0:0:0),0,notifier) 
WARNING: "C:\Xilinx\Vivado\2018.3\data/verilog/src/unisims/LDCE.v" Line 169: Timing violation in scope /Control_TB/uut/FSM_inst/MAWrite_reg/TChk169_907 at time 547396 ps $width (negedge G,(0:0:0),0,notifier) 
WARNING: "C:\Xilinx\Vivado\2018.3\data/verilog/src/unisims/LDCE.v" Line 169: Timing violation in scope /Control_TB/uut/FSM_inst/MemWrite_reg/TChk169_907 at time 547396 ps $width (negedge G,(0:0:0),0,notifier) 
WARNING: "C:\Xilinx\Vivado\2018.3\data/verilog/src/unisims/LDCE.v" Line 169: Timing violation in scope /Control_TB/uut/FSM_inst/PCWrite_reg/TChk169_907 at time 547396 ps $width (negedge G,(0:0:0),0,notifier) 
Note: TESTS COMPLETED
Time: 650 ns  Iteration: 0  Process: /Control_TB/Stimulus_process  File: C:/Xilinx/Projects/Digital_Design_ARM_Processor/Digital_Design_ARM_Processor.srcs/sim_1/new/Control_TB.vhd
WARNING: "C:\Xilinx\Vivado\2018.3\data/verilog/src/unisims/LDCE.v" Line 169: Timing violation in scope /Control_TB/uut/FSM_inst/PCSrc_reg[0]/TChk169_907 at time 107321 ps $width (negedge G,(0:0:0),0,notifier) 
WARNING: "C:\Xilinx\Vivado\2018.3\data/verilog/src/unisims/LDCE.v" Line 169: Timing violation in scope /Control_TB/uut/FSM_inst/IRWrite_reg/TChk169_907 at time 107461 ps $width (negedge G,(0:0:0),0,notifier) 
WARNING: "C:\Xilinx\Vivado\2018.3\data/verilog/src/unisims/LDCE.v" Line 169: Timing violation in scope /Control_TB/uut/FSM_inst/PCSrc_reg[1]/TChk169_907 at time 107490 ps $width (negedge G,(0:0:0),0,notifier) 
WARNING: "C:\Xilinx\Vivado\2018.3\data/verilog/src/unisims/LDCE.v" Line 169: Timing violation in scope /Control_TB/uut/FSM_inst/RegWrite_reg/TChk169_907 at time 107490 ps $width (negedge G,(0:0:0),0,notifier) 
WARNING: "C:\Xilinx\Vivado\2018.3\data/verilog/src/unisims/LDCE.v" Line 169: Timing violation in scope /Control_TB/uut/FSM_inst/FlagsWrite_reg/TChk169_907 at time 107530 ps $width (negedge G,(0:0:0),0,notifier) 
WARNING: "C:\Xilinx\Vivado\2018.3\data/verilog/src/unisims/LDCE.v" Line 169: Timing violation in scope /Control_TB/uut/FSM_inst/MAWrite_reg/TChk169_907 at time 107530 ps $width (negedge G,(0:0:0),0,notifier) 
WARNING: "C:\Xilinx\Vivado\2018.3\data/verilog/src/unisims/LDCE.v" Line 169: Timing violation in scope /Control_TB/uut/FSM_inst/MemWrite_reg/TChk169_907 at time 107530 ps $width (negedge G,(0:0:0),0,notifier) 
WARNING: "C:\Xilinx\Vivado\2018.3\data/verilog/src/unisims/LDCE.v" Line 169: Timing violation in scope /Control_TB/uut/FSM_inst/PCWrite_reg/TChk169_907 at time 107530 ps $width (negedge G,(0:0:0),0,notifier) 
WARNING: "C:\Xilinx\Vivado\2018.3\data/verilog/src/unisims/LDCE.v" Line 169: Timing violation in scope /Control_TB/uut/FSM_inst/PCSrc_reg[0]/TChk169_907 at time 117544 ps $width (negedge G,(0:0:0),0,notifier) 
WARNING: "C:\Xilinx\Vivado\2018.3\data/verilog/src/unisims/LDCE.v" Line 169: Timing violation in scope /Control_TB/uut/FSM_inst/IRWrite_reg/TChk169_907 at time 117684 ps $width (negedge G,(0:0:0),0,notifier) 
WARNING: "C:\Xilinx\Vivado\2018.3\data/verilog/src/unisims/LDCE.v" Line 169: Timing violation in scope /Control_TB/uut/FSM_inst/PCSrc_reg[1]/TChk169_907 at time 117713 ps $width (negedge G,(0:0:0),0,notifier) 
WARNING: "C:\Xilinx\Vivado\2018.3\data/verilog/src/unisims/LDCE.v" Line 169: Timing violation in scope /Control_TB/uut/FSM_inst/RegWrite_reg/TChk169_907 at time 117713 ps $width (negedge G,(0:0:0),0,notifier) 
WARNING: "C:\Xilinx\Vivado\2018.3\data/verilog/src/unisims/LDCE.v" Line 169: Timing violation in scope /Control_TB/uut/FSM_inst/FlagsWrite_reg/TChk169_907 at time 117753 ps $width (negedge G,(0:0:0),0,notifier) 
WARNING: "C:\Xilinx\Vivado\2018.3\data/verilog/src/unisims/LDCE.v" Line 169: Timing violation in scope /Control_TB/uut/FSM_inst/MAWrite_reg/TChk169_907 at time 117753 ps $width (negedge G,(0:0:0),0,notifier) 
WARNING: "C:\Xilinx\Vivado\2018.3\data/verilog/src/unisims/LDCE.v" Line 169: Timing violation in scope /Control_TB/uut/FSM_inst/MemWrite_reg/TChk169_907 at time 117753 ps $width (negedge G,(0:0:0),0,notifier) 
WARNING: "C:\Xilinx\Vivado\2018.3\data/verilog/src/unisims/LDCE.v" Line 169: Timing violation in scope /Control_TB/uut/FSM_inst/PCWrite_reg/TChk169_907 at time 117753 ps $width (negedge G,(0:0:0),0,notifier) 
WARNING: "C:\Xilinx\Vivado\2018.3\data/verilog/src/unisims/LDCE.v" Line 169: Timing violation in scope /Control_TB/uut/FSM_inst/PCSrc_reg[0]/TChk169_907 at time 127928 ps $width (negedge G,(0:0:0),0,notifier) 
WARNING: "C:\Xilinx\Vivado\2018.3\data/verilog/src/unisims/LDCE.v" Line 169: Timing violation in scope /Control_TB/uut/FSM_inst/IRWrite_reg/TChk169_907 at time 128068 ps $width (negedge G,(0:0:0),0,notifier) 
WARNING: "C:\Xilinx\Vivado\2018.3\data/verilog/src/unisims/LDCE.v" Line 169: Timing violation in scope /Control_TB/uut/FSM_inst/PCSrc_reg[1]/TChk169_907 at time 128097 ps $width (negedge G,(0:0:0),0,notifier) 
WARNING: "C:\Xilinx\Vivado\2018.3\data/verilog/src/unisims/LDCE.v" Line 169: Timing violation in scope /Control_TB/uut/FSM_inst/RegWrite_reg/TChk169_907 at time 128097 ps $width (negedge G,(0:0:0),0,notifier) 
WARNING: "C:\Xilinx\Vivado\2018.3\data/verilog/src/unisims/LDCE.v" Line 169: Timing violation in scope /Control_TB/uut/FSM_inst/FlagsWrite_reg/TChk169_907 at time 128137 ps $width (negedge G,(0:0:0),0,notifier) 
WARNING: "C:\Xilinx\Vivado\2018.3\data/verilog/src/unisims/LDCE.v" Line 169: Timing violation in scope /Control_TB/uut/FSM_inst/MAWrite_reg/TChk169_907 at time 128137 ps $width (negedge G,(0:0:0),0,notifier) 
WARNING: "C:\Xilinx\Vivado\2018.3\data/verilog/src/unisims/LDCE.v" Line 169: Timing violation in scope /Control_TB/uut/FSM_inst/MemWrite_reg/TChk169_907 at time 128137 ps $width (negedge G,(0:0:0),0,notifier) 
WARNING: "C:\Xilinx\Vivado\2018.3\data/verilog/src/unisims/LDCE.v" Line 169: Timing violation in scope /Control_TB/uut/FSM_inst/PCWrite_reg/TChk169_907 at time 128137 ps $width (negedge G,(0:0:0),0,notifier) 
WARNING: "C:\Xilinx\Vivado\2018.3\data/verilog/src/unisims/LDCE.v" Line 169: Timing violation in scope /Control_TB/uut/FSM_inst/PCSrc_reg[0]/TChk169_907 at time 157321 ps $width (negedge G,(0:0:0),0,notifier) 
WARNING: "C:\Xilinx\Vivado\2018.3\data/verilog/src/unisims/LDCE.v" Line 169: Timing violation in scope /Control_TB/uut/FSM_inst/IRWrite_reg/TChk169_907 at time 157461 ps $width (negedge G,(0:0:0),0,notifier) 
WARNING: "C:\Xilinx\Vivado\2018.3\data/verilog/src/unisims/LDCE.v" Line 169: Timing violation in scope /Control_TB/uut/FSM_inst/PCSrc_reg[1]/TChk169_907 at time 157490 ps $width (negedge G,(0:0:0),0,notifier) 
WARNING: "C:\Xilinx\Vivado\2018.3\data/verilog/src/unisims/LDCE.v" Line 169: Timing violation in scope /Control_TB/uut/FSM_inst/RegWrite_reg/TChk169_907 at time 157490 ps $width (negedge G,(0:0:0),0,notifier) 
WARNING: "C:\Xilinx\Vivado\2018.3\data/verilog/src/unisims/LDCE.v" Line 169: Timing violation in scope /Control_TB/uut/FSM_inst/FlagsWrite_reg/TChk169_907 at time 157530 ps $width (negedge G,(0:0:0),0,notifier) 
WARNING: "C:\Xilinx\Vivado\2018.3\data/verilog/src/unisims/LDCE.v" Line 169: Timing violation in scope /Control_TB/uut/FSM_inst/MAWrite_reg/TChk169_907 at time 157530 ps $width (negedge G,(0:0:0),0,notifier) 
WARNING: "C:\Xilinx\Vivado\2018.3\data/verilog/src/unisims/LDCE.v" Line 169: Timing violation in scope /Control_TB/uut/FSM_inst/MemWrite_reg/TChk169_907 at time 157530 ps $width (negedge G,(0:0:0),0,notifier) 
WARNING: "C:\Xilinx\Vivado\2018.3\data/verilog/src/unisims/LDCE.v" Line 169: Timing violation in scope /Control_TB/uut/FSM_inst/PCWrite_reg/TChk169_907 at time 157530 ps $width (negedge G,(0:0:0),0,notifier) 
WARNING: "C:\Xilinx\Vivado\2018.3\data/verilog/src/unisims/LDCE.v" Line 169: Timing violation in scope /Control_TB/uut/FSM_inst/PCSrc_reg[0]/TChk169_907 at time 167544 ps $width (negedge G,(0:0:0),0,notifier) 
WARNING: "C:\Xilinx\Vivado\2018.3\data/verilog/src/unisims/LDCE.v" Line 169: Timing violation in scope /Control_TB/uut/FSM_inst/IRWrite_reg/TChk169_907 at time 167684 ps $width (negedge G,(0:0:0),0,notifier) 
WARNING: "C:\Xilinx\Vivado\2018.3\data/verilog/src/unisims/LDCE.v" Line 169: Timing violation in scope /Control_TB/uut/FSM_inst/PCSrc_reg[1]/TChk169_907 at time 167713 ps $width (negedge G,(0:0:0),0,notifier) 
WARNING: "C:\Xilinx\Vivado\2018.3\data/verilog/src/unisims/LDCE.v" Line 169: Timing violation in scope /Control_TB/uut/FSM_inst/RegWrite_reg/TChk169_907 at time 167713 ps $width (negedge G,(0:0:0),0,notifier) 
WARNING: "C:\Xilinx\Vivado\2018.3\data/verilog/src/unisims/LDCE.v" Line 169: Timing violation in scope /Control_TB/uut/FSM_inst/FlagsWrite_reg/TChk169_907 at time 167753 ps $width (negedge G,(0:0:0),0,notifier) 
WARNING: "C:\Xilinx\Vivado\2018.3\data/verilog/src/unisims/LDCE.v" Line 169: Timing violation in scope /Control_TB/uut/FSM_inst/MAWrite_reg/TChk169_907 at time 167753 ps $width (negedge G,(0:0:0),0,notifier) 
WARNING: "C:\Xilinx\Vivado\2018.3\data/verilog/src/unisims/LDCE.v" Line 169: Timing violation in scope /Control_TB/uut/FSM_inst/MemWrite_reg/TChk169_907 at time 167753 ps $width (negedge G,(0:0:0),0,notifier) 
WARNING: "C:\Xilinx\Vivado\2018.3\data/verilog/src/unisims/LDCE.v" Line 169: Timing violation in scope /Control_TB/uut/FSM_inst/PCWrite_reg/TChk169_907 at time 167753 ps $width (negedge G,(0:0:0),0,notifier) 
WARNING: "C:\Xilinx\Vivado\2018.3\data/verilog/src/unisims/LDCE.v" Line 169: Timing violation in scope /Control_TB/uut/FSM_inst/PCSrc_reg[0]/TChk169_907 at time 177928 ps $width (negedge G,(0:0:0),0,notifier) 
WARNING: "C:\Xilinx\Vivado\2018.3\data/verilog/src/unisims/LDCE.v" Line 169: Timing violation in scope /Control_TB/uut/FSM_inst/IRWrite_reg/TChk169_907 at time 178068 ps $width (negedge G,(0:0:0),0,notifier) 
WARNING: "C:\Xilinx\Vivado\2018.3\data/verilog/src/unisims/LDCE.v" Line 169: Timing violation in scope /Control_TB/uut/FSM_inst/PCSrc_reg[1]/TChk169_907 at time 178097 ps $width (negedge G,(0:0:0),0,notifier) 
WARNING: "C:\Xilinx\Vivado\2018.3\data/verilog/src/unisims/LDCE.v" Line 169: Timing violation in scope /Control_TB/uut/FSM_inst/RegWrite_reg/TChk169_907 at time 178097 ps $width (negedge G,(0:0:0),0,notifier) 
WARNING: "C:\Xilinx\Vivado\2018.3\data/verilog/src/unisims/LDCE.v" Line 169: Timing violation in scope /Control_TB/uut/FSM_inst/FlagsWrite_reg/TChk169_907 at time 178137 ps $width (negedge G,(0:0:0),0,notifier) 
WARNING: "C:\Xilinx\Vivado\2018.3\data/verilog/src/unisims/LDCE.v" Line 169: Timing violation in scope /Control_TB/uut/FSM_inst/MAWrite_reg/TChk169_907 at time 178137 ps $width (negedge G,(0:0:0),0,notifier) 
WARNING: "C:\Xilinx\Vivado\2018.3\data/verilog/src/unisims/LDCE.v" Line 169: Timing violation in scope /Control_TB/uut/FSM_inst/MemWrite_reg/TChk169_907 at time 178137 ps $width (negedge G,(0:0:0),0,notifier) 
WARNING: "C:\Xilinx\Vivado\2018.3\data/verilog/src/unisims/LDCE.v" Line 169: Timing violation in scope /Control_TB/uut/FSM_inst/PCWrite_reg/TChk169_907 at time 178137 ps $width (negedge G,(0:0:0),0,notifier) 
WARNING: "C:\Xilinx\Vivado\2018.3\data/verilog/src/unisims/LDCE.v" Line 169: Timing violation in scope /Control_TB/uut/FSM_inst/PCSrc_reg[0]/TChk169_907 at time 207321 ps $width (negedge G,(0:0:0),0,notifier) 
WARNING: "C:\Xilinx\Vivado\2018.3\data/verilog/src/unisims/LDCE.v" Line 169: Timing violation in scope /Control_TB/uut/FSM_inst/IRWrite_reg/TChk169_907 at time 207461 ps $width (negedge G,(0:0:0),0,notifier) 
WARNING: "C:\Xilinx\Vivado\2018.3\data/verilog/src/unisims/LDCE.v" Line 169: Timing violation in scope /Control_TB/uut/FSM_inst/PCSrc_reg[1]/TChk169_907 at time 207490 ps $width (negedge G,(0:0:0),0,notifier) 
WARNING: "C:\Xilinx\Vivado\2018.3\data/verilog/src/unisims/LDCE.v" Line 169: Timing violation in scope /Control_TB/uut/FSM_inst/RegWrite_reg/TChk169_907 at time 207490 ps $width (negedge G,(0:0:0),0,notifier) 
WARNING: "C:\Xilinx\Vivado\2018.3\data/verilog/src/unisims/LDCE.v" Line 169: Timing violation in scope /Control_TB/uut/FSM_inst/FlagsWrite_reg/TChk169_907 at time 207530 ps $width (negedge G,(0:0:0),0,notifier) 
WARNING: "C:\Xilinx\Vivado\2018.3\data/verilog/src/unisims/LDCE.v" Line 169: Timing violation in scope /Control_TB/uut/FSM_inst/MAWrite_reg/TChk169_907 at time 207530 ps $width (negedge G,(0:0:0),0,notifier) 
WARNING: "C:\Xilinx\Vivado\2018.3\data/verilog/src/unisims/LDCE.v" Line 169: Timing violation in scope /Control_TB/uut/FSM_inst/MemWrite_reg/TChk169_907 at time 207530 ps $width (negedge G,(0:0:0),0,notifier) 
WARNING: "C:\Xilinx\Vivado\2018.3\data/verilog/src/unisims/LDCE.v" Line 169: Timing violation in scope /Control_TB/uut/FSM_inst/PCWrite_reg/TChk169_907 at time 207530 ps $width (negedge G,(0:0:0),0,notifier) 
WARNING: "C:\Xilinx\Vivado\2018.3\data/verilog/src/unisims/LDCE.v" Line 169: Timing violation in scope /Control_TB/uut/FSM_inst/PCSrc_reg[0]/TChk169_907 at time 247321 ps $width (negedge G,(0:0:0),0,notifier) 
WARNING: "C:\Xilinx\Vivado\2018.3\data/verilog/src/unisims/LDCE.v" Line 169: Timing violation in scope /Control_TB/uut/FSM_inst/IRWrite_reg/TChk169_907 at time 247461 ps $width (negedge G,(0:0:0),0,notifier) 
WARNING: "C:\Xilinx\Vivado\2018.3\data/verilog/src/unisims/LDCE.v" Line 169: Timing violation in scope /Control_TB/uut/FSM_inst/PCSrc_reg[1]/TChk169_907 at time 247490 ps $width (negedge G,(0:0:0),0,notifier) 
WARNING: "C:\Xilinx\Vivado\2018.3\data/verilog/src/unisims/LDCE.v" Line 169: Timing violation in scope /Control_TB/uut/FSM_inst/RegWrite_reg/TChk169_907 at time 247490 ps $width (negedge G,(0:0:0),0,notifier) 
WARNING: "C:\Xilinx\Vivado\2018.3\data/verilog/src/unisims/LDCE.v" Line 169: Timing violation in scope /Control_TB/uut/FSM_inst/FlagsWrite_reg/TChk169_907 at time 247530 ps $width (negedge G,(0:0:0),0,notifier) 
WARNING: "C:\Xilinx\Vivado\2018.3\data/verilog/src/unisims/LDCE.v" Line 169: Timing violation in scope /Control_TB/uut/FSM_inst/MAWrite_reg/TChk169_907 at time 247530 ps $width (negedge G,(0:0:0),0,notifier) 
WARNING: "C:\Xilinx\Vivado\2018.3\data/verilog/src/unisims/LDCE.v" Line 169: Timing violation in scope /Control_TB/uut/FSM_inst/MemWrite_reg/TChk169_907 at time 247530 ps $width (negedge G,(0:0:0),0,notifier) 
WARNING: "C:\Xilinx\Vivado\2018.3\data/verilog/src/unisims/LDCE.v" Line 169: Timing violation in scope /Control_TB/uut/FSM_inst/PCWrite_reg/TChk169_907 at time 247530 ps $width (negedge G,(0:0:0),0,notifier) 
WARNING: "C:\Xilinx\Vivado\2018.3\data/verilog/src/unisims/LDCE.v" Line 169: Timing violation in scope /Control_TB/uut/FSM_inst/PCSrc_reg[0]/TChk169_907 at time 287321 ps $width (negedge G,(0:0:0),0,notifier) 
WARNING: "C:\Xilinx\Vivado\2018.3\data/verilog/src/unisims/LDCE.v" Line 169: Timing violation in scope /Control_TB/uut/FSM_inst/IRWrite_reg/TChk169_907 at time 287461 ps $width (negedge G,(0:0:0),0,notifier) 
WARNING: "C:\Xilinx\Vivado\2018.3\data/verilog/src/unisims/LDCE.v" Line 169: Timing violation in scope /Control_TB/uut/FSM_inst/PCSrc_reg[1]/TChk169_907 at time 287490 ps $width (negedge G,(0:0:0),0,notifier) 
WARNING: "C:\Xilinx\Vivado\2018.3\data/verilog/src/unisims/LDCE.v" Line 169: Timing violation in scope /Control_TB/uut/FSM_inst/RegWrite_reg/TChk169_907 at time 287490 ps $width (negedge G,(0:0:0),0,notifier) 
WARNING: "C:\Xilinx\Vivado\2018.3\data/verilog/src/unisims/LDCE.v" Line 169: Timing violation in scope /Control_TB/uut/FSM_inst/FlagsWrite_reg/TChk169_907 at time 287530 ps $width (negedge G,(0:0:0),0,notifier) 
WARNING: "C:\Xilinx\Vivado\2018.3\data/verilog/src/unisims/LDCE.v" Line 169: Timing violation in scope /Control_TB/uut/FSM_inst/MAWrite_reg/TChk169_907 at time 287530 ps $width (negedge G,(0:0:0),0,notifier) 
WARNING: "C:\Xilinx\Vivado\2018.3\data/verilog/src/unisims/LDCE.v" Line 169: Timing violation in scope /Control_TB/uut/FSM_inst/MemWrite_reg/TChk169_907 at time 287530 ps $width (negedge G,(0:0:0),0,notifier) 
WARNING: "C:\Xilinx\Vivado\2018.3\data/verilog/src/unisims/LDCE.v" Line 169: Timing violation in scope /Control_TB/uut/FSM_inst/PCWrite_reg/TChk169_907 at time 287530 ps $width (negedge G,(0:0:0),0,notifier) 
WARNING: "C:\Xilinx\Vivado\2018.3\data/verilog/src/unisims/LDCE.v" Line 169: Timing violation in scope /Control_TB/uut/FSM_inst/PCSrc_reg[0]/TChk169_907 at time 327321 ps $width (negedge G,(0:0:0),0,notifier) 
WARNING: "C:\Xilinx\Vivado\2018.3\data/verilog/src/unisims/LDCE.v" Line 169: Timing violation in scope /Control_TB/uut/FSM_inst/IRWrite_reg/TChk169_907 at time 327461 ps $width (negedge G,(0:0:0),0,notifier) 
WARNING: "C:\Xilinx\Vivado\2018.3\data/verilog/src/unisims/LDCE.v" Line 169: Timing violation in scope /Control_TB/uut/FSM_inst/PCSrc_reg[1]/TChk169_907 at time 327490 ps $width (negedge G,(0:0:0),0,notifier) 
WARNING: "C:\Xilinx\Vivado\2018.3\data/verilog/src/unisims/LDCE.v" Line 169: Timing violation in scope /Control_TB/uut/FSM_inst/RegWrite_reg/TChk169_907 at time 327490 ps $width (negedge G,(0:0:0),0,notifier) 
WARNING: "C:\Xilinx\Vivado\2018.3\data/verilog/src/unisims/LDCE.v" Line 169: Timing violation in scope /Control_TB/uut/FSM_inst/FlagsWrite_reg/TChk169_907 at time 327530 ps $width (negedge G,(0:0:0),0,notifier) 
WARNING: "C:\Xilinx\Vivado\2018.3\data/verilog/src/unisims/LDCE.v" Line 169: Timing violation in scope /Control_TB/uut/FSM_inst/MAWrite_reg/TChk169_907 at time 327530 ps $width (negedge G,(0:0:0),0,notifier) 
WARNING: "C:\Xilinx\Vivado\2018.3\data/verilog/src/unisims/LDCE.v" Line 169: Timing violation in scope /Control_TB/uut/FSM_inst/MemWrite_reg/TChk169_907 at time 327530 ps $width (negedge G,(0:0:0),0,notifier) 
WARNING: "C:\Xilinx\Vivado\2018.3\data/verilog/src/unisims/LDCE.v" Line 169: Timing violation in scope /Control_TB/uut/FSM_inst/PCWrite_reg/TChk169_907 at time 327530 ps $width (negedge G,(0:0:0),0,notifier) 
WARNING: "C:\Xilinx\Vivado\2018.3\data/verilog/src/unisims/LDCE.v" Line 169: Timing violation in scope /Control_TB/uut/FSM_inst/PCSrc_reg[0]/TChk169_907 at time 367321 ps $width (negedge G,(0:0:0),0,notifier) 
WARNING: "C:\Xilinx\Vivado\2018.3\data/verilog/src/unisims/LDCE.v" Line 169: Timing violation in scope /Control_TB/uut/FSM_inst/IRWrite_reg/TChk169_907 at time 367461 ps $width (negedge G,(0:0:0),0,notifier) 
WARNING: "C:\Xilinx\Vivado\2018.3\data/verilog/src/unisims/LDCE.v" Line 169: Timing violation in scope /Control_TB/uut/FSM_inst/PCSrc_reg[1]/TChk169_907 at time 367490 ps $width (negedge G,(0:0:0),0,notifier) 
WARNING: "C:\Xilinx\Vivado\2018.3\data/verilog/src/unisims/LDCE.v" Line 169: Timing violation in scope /Control_TB/uut/FSM_inst/RegWrite_reg/TChk169_907 at time 367490 ps $width (negedge G,(0:0:0),0,notifier) 
WARNING: "C:\Xilinx\Vivado\2018.3\data/verilog/src/unisims/LDCE.v" Line 169: Timing violation in scope /Control_TB/uut/FSM_inst/FlagsWrite_reg/TChk169_907 at time 367530 ps $width (negedge G,(0:0:0),0,notifier) 
WARNING: "C:\Xilinx\Vivado\2018.3\data/verilog/src/unisims/LDCE.v" Line 169: Timing violation in scope /Control_TB/uut/FSM_inst/MAWrite_reg/TChk169_907 at time 367530 ps $width (negedge G,(0:0:0),0,notifier) 
WARNING: "C:\Xilinx\Vivado\2018.3\data/verilog/src/unisims/LDCE.v" Line 169: Timing violation in scope /Control_TB/uut/FSM_inst/MemWrite_reg/TChk169_907 at time 367530 ps $width (negedge G,(0:0:0),0,notifier) 
WARNING: "C:\Xilinx\Vivado\2018.3\data/verilog/src/unisims/LDCE.v" Line 169: Timing violation in scope /Control_TB/uut/FSM_inst/PCWrite_reg/TChk169_907 at time 367530 ps $width (negedge G,(0:0:0),0,notifier) 
WARNING: "C:\Xilinx\Vivado\2018.3\data/verilog/src/unisims/LDCE.v" Line 169: Timing violation in scope /Control_TB/uut/FSM_inst/PCSrc_reg[0]/TChk169_907 at time 397321 ps $width (negedge G,(0:0:0),0,notifier) 
WARNING: "C:\Xilinx\Vivado\2018.3\data/verilog/src/unisims/LDCE.v" Line 169: Timing violation in scope /Control_TB/uut/FSM_inst/IRWrite_reg/TChk169_907 at time 397461 ps $width (negedge G,(0:0:0),0,notifier) 
WARNING: "C:\Xilinx\Vivado\2018.3\data/verilog/src/unisims/LDCE.v" Line 169: Timing violation in scope /Control_TB/uut/FSM_inst/PCSrc_reg[1]/TChk169_907 at time 397490 ps $width (negedge G,(0:0:0),0,notifier) 
WARNING: "C:\Xilinx\Vivado\2018.3\data/verilog/src/unisims/LDCE.v" Line 169: Timing violation in scope /Control_TB/uut/FSM_inst/RegWrite_reg/TChk169_907 at time 397490 ps $width (negedge G,(0:0:0),0,notifier) 
WARNING: "C:\Xilinx\Vivado\2018.3\data/verilog/src/unisims/LDCE.v" Line 169: Timing violation in scope /Control_TB/uut/FSM_inst/FlagsWrite_reg/TChk169_907 at time 397530 ps $width (negedge G,(0:0:0),0,notifier) 
WARNING: "C:\Xilinx\Vivado\2018.3\data/verilog/src/unisims/LDCE.v" Line 169: Timing violation in scope /Control_TB/uut/FSM_inst/MAWrite_reg/TChk169_907 at time 397530 ps $width (negedge G,(0:0:0),0,notifier) 
WARNING: "C:\Xilinx\Vivado\2018.3\data/verilog/src/unisims/LDCE.v" Line 169: Timing violation in scope /Control_TB/uut/FSM_inst/MemWrite_reg/TChk169_907 at time 397530 ps $width (negedge G,(0:0:0),0,notifier) 
WARNING: "C:\Xilinx\Vivado\2018.3\data/verilog/src/unisims/LDCE.v" Line 169: Timing violation in scope /Control_TB/uut/FSM_inst/PCWrite_reg/TChk169_907 at time 397530 ps $width (negedge G,(0:0:0),0,notifier) 
WARNING: "C:\Xilinx\Vivado\2018.3\data/verilog/src/unisims/LDCE.v" Line 169: Timing violation in scope /Control_TB/uut/FSM_inst/PCSrc_reg[0]/TChk169_907 at time 427321 ps $width (negedge G,(0:0:0),0,notifier) 
WARNING: "C:\Xilinx\Vivado\2018.3\data/verilog/src/unisims/LDCE.v" Line 169: Timing violation in scope /Control_TB/uut/FSM_inst/IRWrite_reg/TChk169_907 at time 427461 ps $width (negedge G,(0:0:0),0,notifier) 
WARNING: "C:\Xilinx\Vivado\2018.3\data/verilog/src/unisims/LDCE.v" Line 169: Timing violation in scope /Control_TB/uut/FSM_inst/PCSrc_reg[1]/TChk169_907 at time 427490 ps $width (negedge G,(0:0:0),0,notifier) 
WARNING: "C:\Xilinx\Vivado\2018.3\data/verilog/src/unisims/LDCE.v" Line 169: Timing violation in scope /Control_TB/uut/FSM_inst/RegWrite_reg/TChk169_907 at time 427490 ps $width (negedge G,(0:0:0),0,notifier) 
WARNING: "C:\Xilinx\Vivado\2018.3\data/verilog/src/unisims/LDCE.v" Line 169: Timing violation in scope /Control_TB/uut/FSM_inst/FlagsWrite_reg/TChk169_907 at time 427530 ps $width (negedge G,(0:0:0),0,notifier) 
WARNING: "C:\Xilinx\Vivado\2018.3\data/verilog/src/unisims/LDCE.v" Line 169: Timing violation in scope /Control_TB/uut/FSM_inst/MAWrite_reg/TChk169_907 at time 427530 ps $width (negedge G,(0:0:0),0,notifier) 
WARNING: "C:\Xilinx\Vivado\2018.3\data/verilog/src/unisims/LDCE.v" Line 169: Timing violation in scope /Control_TB/uut/FSM_inst/MemWrite_reg/TChk169_907 at time 427530 ps $width (negedge G,(0:0:0),0,notifier) 
WARNING: "C:\Xilinx\Vivado\2018.3\data/verilog/src/unisims/LDCE.v" Line 169: Timing violation in scope /Control_TB/uut/FSM_inst/PCWrite_reg/TChk169_907 at time 427530 ps $width (negedge G,(0:0:0),0,notifier) 
WARNING: "C:\Xilinx\Vivado\2018.3\data/verilog/src/unisims/LDCE.v" Line 169: Timing violation in scope /Control_TB/uut/FSM_inst/PCSrc_reg[0]/TChk169_907 at time 457321 ps $width (negedge G,(0:0:0),0,notifier) 
WARNING: "C:\Xilinx\Vivado\2018.3\data/verilog/src/unisims/LDCE.v" Line 169: Timing violation in scope /Control_TB/uut/FSM_inst/IRWrite_reg/TChk169_907 at time 457461 ps $width (negedge G,(0:0:0),0,notifier) 
WARNING: "C:\Xilinx\Vivado\2018.3\data/verilog/src/unisims/LDCE.v" Line 169: Timing violation in scope /Control_TB/uut/FSM_inst/PCSrc_reg[1]/TChk169_907 at time 457490 ps $width (negedge G,(0:0:0),0,notifier) 
WARNING: "C:\Xilinx\Vivado\2018.3\data/verilog/src/unisims/LDCE.v" Line 169: Timing violation in scope /Control_TB/uut/FSM_inst/RegWrite_reg/TChk169_907 at time 457490 ps $width (negedge G,(0:0:0),0,notifier) 
WARNING: "C:\Xilinx\Vivado\2018.3\data/verilog/src/unisims/LDCE.v" Line 169: Timing violation in scope /Control_TB/uut/FSM_inst/FlagsWrite_reg/TChk169_907 at time 457530 ps $width (negedge G,(0:0:0),0,notifier) 
WARNING: "C:\Xilinx\Vivado\2018.3\data/verilog/src/unisims/LDCE.v" Line 169: Timing violation in scope /Control_TB/uut/FSM_inst/MAWrite_reg/TChk169_907 at time 457530 ps $width (negedge G,(0:0:0),0,notifier) 
WARNING: "C:\Xilinx\Vivado\2018.3\data/verilog/src/unisims/LDCE.v" Line 169: Timing violation in scope /Control_TB/uut/FSM_inst/MemWrite_reg/TChk169_907 at time 457530 ps $width (negedge G,(0:0:0),0,notifier) 
WARNING: "C:\Xilinx\Vivado\2018.3\data/verilog/src/unisims/LDCE.v" Line 169: Timing violation in scope /Control_TB/uut/FSM_inst/PCWrite_reg/TChk169_907 at time 457530 ps $width (negedge G,(0:0:0),0,notifier) 
WARNING: "C:\Xilinx\Vivado\2018.3\data/verilog/src/unisims/LDCE.v" Line 169: Timing violation in scope /Control_TB/uut/FSM_inst/PCSrc_reg[0]/TChk169_907 at time 467805 ps $width (negedge G,(0:0:0),0,notifier) 
WARNING: "C:\Xilinx\Vivado\2018.3\data/verilog/src/unisims/LDCE.v" Line 169: Timing violation in scope /Control_TB/uut/FSM_inst/IRWrite_reg/TChk169_907 at time 467945 ps $width (negedge G,(0:0:0),0,notifier) 
WARNING: "C:\Xilinx\Vivado\2018.3\data/verilog/src/unisims/LDCE.v" Line 169: Timing violation in scope /Control_TB/uut/FSM_inst/PCSrc_reg[1]/TChk169_907 at time 467974 ps $width (negedge G,(0:0:0),0,notifier) 
WARNING: "C:\Xilinx\Vivado\2018.3\data/verilog/src/unisims/LDCE.v" Line 169: Timing violation in scope /Control_TB/uut/FSM_inst/RegWrite_reg/TChk169_907 at time 467974 ps $width (negedge G,(0:0:0),0,notifier) 
WARNING: "C:\Xilinx\Vivado\2018.3\data/verilog/src/unisims/LDCE.v" Line 169: Timing violation in scope /Control_TB/uut/FSM_inst/FlagsWrite_reg/TChk169_907 at time 468014 ps $width (negedge G,(0:0:0),0,notifier) 
WARNING: "C:\Xilinx\Vivado\2018.3\data/verilog/src/unisims/LDCE.v" Line 169: Timing violation in scope /Control_TB/uut/FSM_inst/MAWrite_reg/TChk169_907 at time 468014 ps $width (negedge G,(0:0:0),0,notifier) 
WARNING: "C:\Xilinx\Vivado\2018.3\data/verilog/src/unisims/LDCE.v" Line 169: Timing violation in scope /Control_TB/uut/FSM_inst/MemWrite_reg/TChk169_907 at time 468014 ps $width (negedge G,(0:0:0),0,notifier) 
WARNING: "C:\Xilinx\Vivado\2018.3\data/verilog/src/unisims/LDCE.v" Line 169: Timing violation in scope /Control_TB/uut/FSM_inst/PCWrite_reg/TChk169_907 at time 468014 ps $width (negedge G,(0:0:0),0,notifier) 
WARNING: "C:\Xilinx\Vivado\2018.3\data/verilog/src/unisims/LDCE.v" Line 169: Timing violation in scope /Control_TB/uut/FSM_inst/PCSrc_reg[0]/TChk169_907 at time 487321 ps $width (negedge G,(0:0:0),0,notifier) 
WARNING: "C:\Xilinx\Vivado\2018.3\data/verilog/src/unisims/LDCE.v" Line 169: Timing violation in scope /Control_TB/uut/FSM_inst/IRWrite_reg/TChk169_907 at time 487461 ps $width (negedge G,(0:0:0),0,notifier) 
WARNING: "C:\Xilinx\Vivado\2018.3\data/verilog/src/unisims/LDCE.v" Line 169: Timing violation in scope /Control_TB/uut/FSM_inst/PCSrc_reg[1]/TChk169_907 at time 487490 ps $width (negedge G,(0:0:0),0,notifier) 
WARNING: "C:\Xilinx\Vivado\2018.3\data/verilog/src/unisims/LDCE.v" Line 169: Timing violation in scope /Control_TB/uut/FSM_inst/RegWrite_reg/TChk169_907 at time 487490 ps $width (negedge G,(0:0:0),0,notifier) 
WARNING: "C:\Xilinx\Vivado\2018.3\data/verilog/src/unisims/LDCE.v" Line 169: Timing violation in scope /Control_TB/uut/FSM_inst/FlagsWrite_reg/TChk169_907 at time 487530 ps $width (negedge G,(0:0:0),0,notifier) 
WARNING: "C:\Xilinx\Vivado\2018.3\data/verilog/src/unisims/LDCE.v" Line 169: Timing violation in scope /Control_TB/uut/FSM_inst/MAWrite_reg/TChk169_907 at time 487530 ps $width (negedge G,(0:0:0),0,notifier) 
WARNING: "C:\Xilinx\Vivado\2018.3\data/verilog/src/unisims/LDCE.v" Line 169: Timing violation in scope /Control_TB/uut/FSM_inst/MemWrite_reg/TChk169_907 at time 487530 ps $width (negedge G,(0:0:0),0,notifier) 
WARNING: "C:\Xilinx\Vivado\2018.3\data/verilog/src/unisims/LDCE.v" Line 169: Timing violation in scope /Control_TB/uut/FSM_inst/PCWrite_reg/TChk169_907 at time 487530 ps $width (negedge G,(0:0:0),0,notifier) 
WARNING: "C:\Xilinx\Vivado\2018.3\data/verilog/src/unisims/LDCE.v" Line 169: Timing violation in scope /Control_TB/uut/FSM_inst/PCSrc_reg[0]/TChk169_907 at time 497544 ps $width (negedge G,(0:0:0),0,notifier) 
WARNING: "C:\Xilinx\Vivado\2018.3\data/verilog/src/unisims/LDCE.v" Line 169: Timing violation in scope /Control_TB/uut/FSM_inst/IRWrite_reg/TChk169_907 at time 497684 ps $width (negedge G,(0:0:0),0,notifier) 
WARNING: "C:\Xilinx\Vivado\2018.3\data/verilog/src/unisims/LDCE.v" Line 169: Timing violation in scope /Control_TB/uut/FSM_inst/PCSrc_reg[1]/TChk169_907 at time 497713 ps $width (negedge G,(0:0:0),0,notifier) 
WARNING: "C:\Xilinx\Vivado\2018.3\data/verilog/src/unisims/LDCE.v" Line 169: Timing violation in scope /Control_TB/uut/FSM_inst/RegWrite_reg/TChk169_907 at time 497713 ps $width (negedge G,(0:0:0),0,notifier) 
WARNING: "C:\Xilinx\Vivado\2018.3\data/verilog/src/unisims/LDCE.v" Line 169: Timing violation in scope /Control_TB/uut/FSM_inst/FlagsWrite_reg/TChk169_907 at time 497753 ps $width (negedge G,(0:0:0),0,notifier) 
WARNING: "C:\Xilinx\Vivado\2018.3\data/verilog/src/unisims/LDCE.v" Line 169: Timing violation in scope /Control_TB/uut/FSM_inst/MAWrite_reg/TChk169_907 at time 497753 ps $width (negedge G,(0:0:0),0,notifier) 
WARNING: "C:\Xilinx\Vivado\2018.3\data/verilog/src/unisims/LDCE.v" Line 169: Timing violation in scope /Control_TB/uut/FSM_inst/MemWrite_reg/TChk169_907 at time 497753 ps $width (negedge G,(0:0:0),0,notifier) 
WARNING: "C:\Xilinx\Vivado\2018.3\data/verilog/src/unisims/LDCE.v" Line 169: Timing violation in scope /Control_TB/uut/FSM_inst/PCWrite_reg/TChk169_907 at time 497753 ps $width (negedge G,(0:0:0),0,notifier) 
WARNING: "C:\Xilinx\Vivado\2018.3\data/verilog/src/unisims/LDCE.v" Line 169: Timing violation in scope /Control_TB/uut/FSM_inst/PCSrc_reg[0]/TChk169_907 at time 527321 ps $width (negedge G,(0:0:0),0,notifier) 
WARNING: "C:\Xilinx\Vivado\2018.3\data/verilog/src/unisims/LDCE.v" Line 169: Timing violation in scope /Control_TB/uut/FSM_inst/IRWrite_reg/TChk169_907 at time 527461 ps $width (negedge G,(0:0:0),0,notifier) 
WARNING: "C:\Xilinx\Vivado\2018.3\data/verilog/src/unisims/LDCE.v" Line 169: Timing violation in scope /Control_TB/uut/FSM_inst/PCSrc_reg[1]/TChk169_907 at time 527490 ps $width (negedge G,(0:0:0),0,notifier) 
WARNING: "C:\Xilinx\Vivado\2018.3\data/verilog/src/unisims/LDCE.v" Line 169: Timing violation in scope /Control_TB/uut/FSM_inst/RegWrite_reg/TChk169_907 at time 527490 ps $width (negedge G,(0:0:0),0,notifier) 
WARNING: "C:\Xilinx\Vivado\2018.3\data/verilog/src/unisims/LDCE.v" Line 169: Timing violation in scope /Control_TB/uut/FSM_inst/FlagsWrite_reg/TChk169_907 at time 527530 ps $width (negedge G,(0:0:0),0,notifier) 
WARNING: "C:\Xilinx\Vivado\2018.3\data/verilog/src/unisims/LDCE.v" Line 169: Timing violation in scope /Control_TB/uut/FSM_inst/MAWrite_reg/TChk169_907 at time 527530 ps $width (negedge G,(0:0:0),0,notifier) 
WARNING: "C:\Xilinx\Vivado\2018.3\data/verilog/src/unisims/LDCE.v" Line 169: Timing violation in scope /Control_TB/uut/FSM_inst/MemWrite_reg/TChk169_907 at time 527530 ps $width (negedge G,(0:0:0),0,notifier) 
WARNING: "C:\Xilinx\Vivado\2018.3\data/verilog/src/unisims/LDCE.v" Line 169: Timing violation in scope /Control_TB/uut/FSM_inst/PCWrite_reg/TChk169_907 at time 527530 ps $width (negedge G,(0:0:0),0,notifier) 
WARNING: "C:\Xilinx\Vivado\2018.3\data/verilog/src/unisims/LDCE.v" Line 169: Timing violation in scope /Control_TB/uut/FSM_inst/PCSrc_reg[0]/TChk169_907 at time 547187 ps $width (negedge G,(0:0:0),0,notifier) 
WARNING: "C:\Xilinx\Vivado\2018.3\data/verilog/src/unisims/LDCE.v" Line 169: Timing violation in scope /Control_TB/uut/FSM_inst/IRWrite_reg/TChk169_907 at time 547327 ps $width (negedge G,(0:0:0),0,notifier) 
WARNING: "C:\Xilinx\Vivado\2018.3\data/verilog/src/unisims/LDCE.v" Line 169: Timing violation in scope /Control_TB/uut/FSM_inst/PCSrc_reg[1]/TChk169_907 at time 547356 ps $width (negedge G,(0:0:0),0,notifier) 
WARNING: "C:\Xilinx\Vivado\2018.3\data/verilog/src/unisims/LDCE.v" Line 169: Timing violation in scope /Control_TB/uut/FSM_inst/RegWrite_reg/TChk169_907 at time 547356 ps $width (negedge G,(0:0:0),0,notifier) 
WARNING: "C:\Xilinx\Vivado\2018.3\data/verilog/src/unisims/LDCE.v" Line 169: Timing violation in scope /Control_TB/uut/FSM_inst/FlagsWrite_reg/TChk169_907 at time 547396 ps $width (negedge G,(0:0:0),0,notifier) 
WARNING: "C:\Xilinx\Vivado\2018.3\data/verilog/src/unisims/LDCE.v" Line 169: Timing violation in scope /Control_TB/uut/FSM_inst/MAWrite_reg/TChk169_907 at time 547396 ps $width (negedge G,(0:0:0),0,notifier) 
WARNING: "C:\Xilinx\Vivado\2018.3\data/verilog/src/unisims/LDCE.v" Line 169: Timing violation in scope /Control_TB/uut/FSM_inst/MemWrite_reg/TChk169_907 at time 547396 ps $width (negedge G,(0:0:0),0,notifier) 
WARNING: "C:\Xilinx\Vivado\2018.3\data/verilog/src/unisims/LDCE.v" Line 169: Timing violation in scope /Control_TB/uut/FSM_inst/PCWrite_reg/TChk169_907 at time 547396 ps $width (negedge G,(0:0:0),0,notifier) 
Note: TESTS COMPLETED
Time: 650 ns  Iteration: 0  Process: /Control_TB/Stimulus_process  File: C:/Xilinx/Projects/Digital_Design_ARM_Processor/Digital_Design_ARM_Processor.srcs/sim_1/new/Control_TB.vhd
